   1              	 .cpu cortex-m0
   2              	 .fpu softvfp
   3              	 .eabi_attribute 20,1
   4              	 .eabi_attribute 21,1
   5              	 .eabi_attribute 23,3
   6              	 .eabi_attribute 24,1
   7              	 .eabi_attribute 25,1
   8              	 .eabi_attribute 26,1
   9              	 .eabi_attribute 30,1
  10              	 .eabi_attribute 34,0
  11              	 .eabi_attribute 18,4
  12              	 .code 16
  13              	 .file "mbcrc.c"
  14              	 .text
  15              	.Ltext0:
  16              	 .cfi_sections .debug_frame
  17              	 .section .text.usMBCRC16,"ax",%progbits
  18              	 .align 2
  19              	 .global usMBCRC16
  20              	 .code 16
  21              	 .thumb_func
  23              	usMBCRC16:
  24              	.LFB100:
  25              	 .file 1 "../freemodbus-v1.5.0/modbus/rtu/mbcrc.c"
   1:../freemodbus-v1.5.0/modbus/rtu/mbcrc.c **** /* 
   2:../freemodbus-v1.5.0/modbus/rtu/mbcrc.c ****  * FreeModbus Libary: A portable Modbus implementation for Modbus ASCII/RTU.
   3:../freemodbus-v1.5.0/modbus/rtu/mbcrc.c ****  * Copyright (c) 2006 Christian Walter <wolti@sil.at>
   4:../freemodbus-v1.5.0/modbus/rtu/mbcrc.c ****  * All rights reserved.
   5:../freemodbus-v1.5.0/modbus/rtu/mbcrc.c ****  *
   6:../freemodbus-v1.5.0/modbus/rtu/mbcrc.c ****  * Redistribution and use in source and binary forms, with or without
   7:../freemodbus-v1.5.0/modbus/rtu/mbcrc.c ****  * modification, are permitted provided that the following conditions
   8:../freemodbus-v1.5.0/modbus/rtu/mbcrc.c ****  * are met:
   9:../freemodbus-v1.5.0/modbus/rtu/mbcrc.c ****  * 1. Redistributions of source code must retain the above copyright
  10:../freemodbus-v1.5.0/modbus/rtu/mbcrc.c ****  *    notice, this list of conditions and the following disclaimer.
  11:../freemodbus-v1.5.0/modbus/rtu/mbcrc.c ****  * 2. Redistributions in binary form must reproduce the above copyright
  12:../freemodbus-v1.5.0/modbus/rtu/mbcrc.c ****  *    notice, this list of conditions and the following disclaimer in the
  13:../freemodbus-v1.5.0/modbus/rtu/mbcrc.c ****  *    documentation and/or other materials provided with the distribution.
  14:../freemodbus-v1.5.0/modbus/rtu/mbcrc.c ****  * 3. The name of the author may not be used to endorse or promote products
  15:../freemodbus-v1.5.0/modbus/rtu/mbcrc.c ****  *    derived from this software without specific prior written permission.
  16:../freemodbus-v1.5.0/modbus/rtu/mbcrc.c ****  *
  17:../freemodbus-v1.5.0/modbus/rtu/mbcrc.c ****  * THIS SOFTWARE IS PROVIDED BY THE AUTHOR ``AS IS'' AND ANY EXPRESS OR
  18:../freemodbus-v1.5.0/modbus/rtu/mbcrc.c ****  * IMPLIED WARRANTIES, INCLUDING, BUT NOT LIMITED TO, THE IMPLIED WARRANTIES
  19:../freemodbus-v1.5.0/modbus/rtu/mbcrc.c ****  * OF MERCHANTABILITY AND FITNESS FOR A PARTICULAR PURPOSE ARE DISCLAIMED.
  20:../freemodbus-v1.5.0/modbus/rtu/mbcrc.c ****  * IN NO EVENT SHALL THE AUTHOR BE LIABLE FOR ANY DIRECT, INDIRECT,
  21:../freemodbus-v1.5.0/modbus/rtu/mbcrc.c ****  * INCIDENTAL, SPECIAL, EXEMPLARY, OR CONSEQUENTIAL DAMAGES (INCLUDING, BUT
  22:../freemodbus-v1.5.0/modbus/rtu/mbcrc.c ****  * NOT LIMITED TO, PROCUREMENT OF SUBSTITUTE GOODS OR SERVICES; LOSS OF USE,
  23:../freemodbus-v1.5.0/modbus/rtu/mbcrc.c ****  * DATA, OR PROFITS; OR BUSINESS INTERRUPTION) HOWEVER CAUSED AND ON ANY
  24:../freemodbus-v1.5.0/modbus/rtu/mbcrc.c ****  * THEORY OF LIABILITY, WHETHER IN CONTRACT, STRICT LIABILITY, OR TORT
  25:../freemodbus-v1.5.0/modbus/rtu/mbcrc.c ****  * (INCLUDING NEGLIGENCE OR OTHERWISE) ARISING IN ANY WAY OUT OF THE USE OF
  26:../freemodbus-v1.5.0/modbus/rtu/mbcrc.c ****  * THIS SOFTWARE, EVEN IF ADVISED OF THE POSSIBILITY OF SUCH DAMAGE.
  27:../freemodbus-v1.5.0/modbus/rtu/mbcrc.c ****  *
  28:../freemodbus-v1.5.0/modbus/rtu/mbcrc.c ****  * File: $Id: mbcrc.c,v 1.7 2007/02/18 23:50:27 wolti Exp $
  29:../freemodbus-v1.5.0/modbus/rtu/mbcrc.c ****  */
  30:../freemodbus-v1.5.0/modbus/rtu/mbcrc.c **** 
  31:../freemodbus-v1.5.0/modbus/rtu/mbcrc.c **** /* ----------------------- Platform includes --------------------------------*/
  32:../freemodbus-v1.5.0/modbus/rtu/mbcrc.c **** #include "port.h"
  33:../freemodbus-v1.5.0/modbus/rtu/mbcrc.c **** 
  34:../freemodbus-v1.5.0/modbus/rtu/mbcrc.c **** static const UCHAR aucCRCHi[] = {
  35:../freemodbus-v1.5.0/modbus/rtu/mbcrc.c ****     0x00, 0xC1, 0x81, 0x40, 0x01, 0xC0, 0x80, 0x41, 0x01, 0xC0, 0x80, 0x41,
  36:../freemodbus-v1.5.0/modbus/rtu/mbcrc.c ****     0x00, 0xC1, 0x81, 0x40, 0x01, 0xC0, 0x80, 0x41, 0x00, 0xC1, 0x81, 0x40,
  37:../freemodbus-v1.5.0/modbus/rtu/mbcrc.c ****     0x00, 0xC1, 0x81, 0x40, 0x01, 0xC0, 0x80, 0x41, 0x01, 0xC0, 0x80, 0x41,
  38:../freemodbus-v1.5.0/modbus/rtu/mbcrc.c ****     0x00, 0xC1, 0x81, 0x40, 0x00, 0xC1, 0x81, 0x40, 0x01, 0xC0, 0x80, 0x41,
  39:../freemodbus-v1.5.0/modbus/rtu/mbcrc.c ****     0x00, 0xC1, 0x81, 0x40, 0x01, 0xC0, 0x80, 0x41, 0x01, 0xC0, 0x80, 0x41,
  40:../freemodbus-v1.5.0/modbus/rtu/mbcrc.c ****     0x00, 0xC1, 0x81, 0x40, 0x01, 0xC0, 0x80, 0x41, 0x00, 0xC1, 0x81, 0x40,
  41:../freemodbus-v1.5.0/modbus/rtu/mbcrc.c ****     0x00, 0xC1, 0x81, 0x40, 0x01, 0xC0, 0x80, 0x41, 0x00, 0xC1, 0x81, 0x40,
  42:../freemodbus-v1.5.0/modbus/rtu/mbcrc.c ****     0x01, 0xC0, 0x80, 0x41, 0x01, 0xC0, 0x80, 0x41, 0x00, 0xC1, 0x81, 0x40,
  43:../freemodbus-v1.5.0/modbus/rtu/mbcrc.c ****     0x00, 0xC1, 0x81, 0x40, 0x01, 0xC0, 0x80, 0x41, 0x01, 0xC0, 0x80, 0x41,
  44:../freemodbus-v1.5.0/modbus/rtu/mbcrc.c ****     0x00, 0xC1, 0x81, 0x40, 0x01, 0xC0, 0x80, 0x41, 0x00, 0xC1, 0x81, 0x40,
  45:../freemodbus-v1.5.0/modbus/rtu/mbcrc.c ****     0x00, 0xC1, 0x81, 0x40, 0x01, 0xC0, 0x80, 0x41, 0x01, 0xC0, 0x80, 0x41,
  46:../freemodbus-v1.5.0/modbus/rtu/mbcrc.c ****     0x00, 0xC1, 0x81, 0x40, 0x00, 0xC1, 0x81, 0x40, 0x01, 0xC0, 0x80, 0x41, 
  47:../freemodbus-v1.5.0/modbus/rtu/mbcrc.c ****     0x00, 0xC1, 0x81, 0x40, 0x01, 0xC0, 0x80, 0x41, 0x01, 0xC0, 0x80, 0x41,
  48:../freemodbus-v1.5.0/modbus/rtu/mbcrc.c ****     0x00, 0xC1, 0x81, 0x40, 0x00, 0xC1, 0x81, 0x40, 0x01, 0xC0, 0x80, 0x41, 
  49:../freemodbus-v1.5.0/modbus/rtu/mbcrc.c ****     0x01, 0xC0, 0x80, 0x41, 0x00, 0xC1, 0x81, 0x40, 0x01, 0xC0, 0x80, 0x41,
  50:../freemodbus-v1.5.0/modbus/rtu/mbcrc.c ****     0x00, 0xC1, 0x81, 0x40, 0x00, 0xC1, 0x81, 0x40, 0x01, 0xC0, 0x80, 0x41,
  51:../freemodbus-v1.5.0/modbus/rtu/mbcrc.c ****     0x00, 0xC1, 0x81, 0x40, 0x01, 0xC0, 0x80, 0x41, 0x01, 0xC0, 0x80, 0x41, 
  52:../freemodbus-v1.5.0/modbus/rtu/mbcrc.c ****     0x00, 0xC1, 0x81, 0x40, 0x01, 0xC0, 0x80, 0x41, 0x00, 0xC1, 0x81, 0x40,
  53:../freemodbus-v1.5.0/modbus/rtu/mbcrc.c ****     0x00, 0xC1, 0x81, 0x40, 0x01, 0xC0, 0x80, 0x41, 0x01, 0xC0, 0x80, 0x41,
  54:../freemodbus-v1.5.0/modbus/rtu/mbcrc.c ****     0x00, 0xC1, 0x81, 0x40, 0x00, 0xC1, 0x81, 0x40, 0x01, 0xC0, 0x80, 0x41,
  55:../freemodbus-v1.5.0/modbus/rtu/mbcrc.c ****     0x00, 0xC1, 0x81, 0x40, 0x01, 0xC0, 0x80, 0x41, 0x01, 0xC0, 0x80, 0x41,
  56:../freemodbus-v1.5.0/modbus/rtu/mbcrc.c ****     0x00, 0xC1, 0x81, 0x40
  57:../freemodbus-v1.5.0/modbus/rtu/mbcrc.c **** };
  58:../freemodbus-v1.5.0/modbus/rtu/mbcrc.c **** 
  59:../freemodbus-v1.5.0/modbus/rtu/mbcrc.c **** static const UCHAR aucCRCLo[] = {
  60:../freemodbus-v1.5.0/modbus/rtu/mbcrc.c ****     0x00, 0xC0, 0xC1, 0x01, 0xC3, 0x03, 0x02, 0xC2, 0xC6, 0x06, 0x07, 0xC7,
  61:../freemodbus-v1.5.0/modbus/rtu/mbcrc.c ****     0x05, 0xC5, 0xC4, 0x04, 0xCC, 0x0C, 0x0D, 0xCD, 0x0F, 0xCF, 0xCE, 0x0E,
  62:../freemodbus-v1.5.0/modbus/rtu/mbcrc.c ****     0x0A, 0xCA, 0xCB, 0x0B, 0xC9, 0x09, 0x08, 0xC8, 0xD8, 0x18, 0x19, 0xD9,
  63:../freemodbus-v1.5.0/modbus/rtu/mbcrc.c ****     0x1B, 0xDB, 0xDA, 0x1A, 0x1E, 0xDE, 0xDF, 0x1F, 0xDD, 0x1D, 0x1C, 0xDC,
  64:../freemodbus-v1.5.0/modbus/rtu/mbcrc.c ****     0x14, 0xD4, 0xD5, 0x15, 0xD7, 0x17, 0x16, 0xD6, 0xD2, 0x12, 0x13, 0xD3,
  65:../freemodbus-v1.5.0/modbus/rtu/mbcrc.c ****     0x11, 0xD1, 0xD0, 0x10, 0xF0, 0x30, 0x31, 0xF1, 0x33, 0xF3, 0xF2, 0x32,
  66:../freemodbus-v1.5.0/modbus/rtu/mbcrc.c ****     0x36, 0xF6, 0xF7, 0x37, 0xF5, 0x35, 0x34, 0xF4, 0x3C, 0xFC, 0xFD, 0x3D,
  67:../freemodbus-v1.5.0/modbus/rtu/mbcrc.c ****     0xFF, 0x3F, 0x3E, 0xFE, 0xFA, 0x3A, 0x3B, 0xFB, 0x39, 0xF9, 0xF8, 0x38, 
  68:../freemodbus-v1.5.0/modbus/rtu/mbcrc.c ****     0x28, 0xE8, 0xE9, 0x29, 0xEB, 0x2B, 0x2A, 0xEA, 0xEE, 0x2E, 0x2F, 0xEF,
  69:../freemodbus-v1.5.0/modbus/rtu/mbcrc.c ****     0x2D, 0xED, 0xEC, 0x2C, 0xE4, 0x24, 0x25, 0xE5, 0x27, 0xE7, 0xE6, 0x26,
  70:../freemodbus-v1.5.0/modbus/rtu/mbcrc.c ****     0x22, 0xE2, 0xE3, 0x23, 0xE1, 0x21, 0x20, 0xE0, 0xA0, 0x60, 0x61, 0xA1,
  71:../freemodbus-v1.5.0/modbus/rtu/mbcrc.c ****     0x63, 0xA3, 0xA2, 0x62, 0x66, 0xA6, 0xA7, 0x67, 0xA5, 0x65, 0x64, 0xA4,
  72:../freemodbus-v1.5.0/modbus/rtu/mbcrc.c ****     0x6C, 0xAC, 0xAD, 0x6D, 0xAF, 0x6F, 0x6E, 0xAE, 0xAA, 0x6A, 0x6B, 0xAB, 
  73:../freemodbus-v1.5.0/modbus/rtu/mbcrc.c ****     0x69, 0xA9, 0xA8, 0x68, 0x78, 0xB8, 0xB9, 0x79, 0xBB, 0x7B, 0x7A, 0xBA,
  74:../freemodbus-v1.5.0/modbus/rtu/mbcrc.c ****     0xBE, 0x7E, 0x7F, 0xBF, 0x7D, 0xBD, 0xBC, 0x7C, 0xB4, 0x74, 0x75, 0xB5,
  75:../freemodbus-v1.5.0/modbus/rtu/mbcrc.c ****     0x77, 0xB7, 0xB6, 0x76, 0x72, 0xB2, 0xB3, 0x73, 0xB1, 0x71, 0x70, 0xB0,
  76:../freemodbus-v1.5.0/modbus/rtu/mbcrc.c ****     0x50, 0x90, 0x91, 0x51, 0x93, 0x53, 0x52, 0x92, 0x96, 0x56, 0x57, 0x97,
  77:../freemodbus-v1.5.0/modbus/rtu/mbcrc.c ****     0x55, 0x95, 0x94, 0x54, 0x9C, 0x5C, 0x5D, 0x9D, 0x5F, 0x9F, 0x9E, 0x5E,
  78:../freemodbus-v1.5.0/modbus/rtu/mbcrc.c ****     0x5A, 0x9A, 0x9B, 0x5B, 0x99, 0x59, 0x58, 0x98, 0x88, 0x48, 0x49, 0x89,
  79:../freemodbus-v1.5.0/modbus/rtu/mbcrc.c ****     0x4B, 0x8B, 0x8A, 0x4A, 0x4E, 0x8E, 0x8F, 0x4F, 0x8D, 0x4D, 0x4C, 0x8C,
  80:../freemodbus-v1.5.0/modbus/rtu/mbcrc.c ****     0x44, 0x84, 0x85, 0x45, 0x87, 0x47, 0x46, 0x86, 0x82, 0x42, 0x43, 0x83,
  81:../freemodbus-v1.5.0/modbus/rtu/mbcrc.c ****     0x41, 0x81, 0x80, 0x40
  82:../freemodbus-v1.5.0/modbus/rtu/mbcrc.c **** };
  83:../freemodbus-v1.5.0/modbus/rtu/mbcrc.c **** 
  84:../freemodbus-v1.5.0/modbus/rtu/mbcrc.c **** USHORT
  85:../freemodbus-v1.5.0/modbus/rtu/mbcrc.c **** usMBCRC16( UCHAR * pucFrame, USHORT usLen )
  86:../freemodbus-v1.5.0/modbus/rtu/mbcrc.c **** {
  26              	 .loc 1 86 0
  27              	 .cfi_startproc
  28              	.LVL0:
  29 0000 30B5     	 push {r4,r5,lr}
  30              	.LCFI0:
  31              	 .cfi_def_cfa_offset 12
  32              	 .cfi_offset 4,-12
  33              	 .cfi_offset 5,-8
  34              	 .cfi_offset 14,-4
  35              	.LVL1:
  87:../freemodbus-v1.5.0/modbus/rtu/mbcrc.c ****     UCHAR           ucCRCHi = 0xFF;
  88:../freemodbus-v1.5.0/modbus/rtu/mbcrc.c ****     UCHAR           ucCRCLo = 0xFF;
  36              	 .loc 1 88 0
  37 0002 FF22     	 mov r2,#255
  87:../freemodbus-v1.5.0/modbus/rtu/mbcrc.c ****     UCHAR           ucCRCHi = 0xFF;
  38              	 .loc 1 87 0
  39 0004 FF25     	 mov r5,#255
  89:../freemodbus-v1.5.0/modbus/rtu/mbcrc.c ****     int             iIndex;
  90:../freemodbus-v1.5.0/modbus/rtu/mbcrc.c **** 
  91:../freemodbus-v1.5.0/modbus/rtu/mbcrc.c ****     while( usLen-- )
  40              	 .loc 1 91 0
  41 0006 08E0     	 b .L2
  42              	.LVL2:
  43              	.L3:
  92:../freemodbus-v1.5.0/modbus/rtu/mbcrc.c ****     {
  93:../freemodbus-v1.5.0/modbus/rtu/mbcrc.c ****         iIndex = ucCRCLo ^ *( pucFrame++ );
  44              	 .loc 1 93 0
  45 0008 0378     	 ldrb r3,[r0]
  46 000a 5340     	 eor r3,r2
  47              	.LVL3:
  94:../freemodbus-v1.5.0/modbus/rtu/mbcrc.c ****         ucCRCLo = ( UCHAR )( ucCRCHi ^ aucCRCHi[iIndex] );
  48              	 .loc 1 94 0
  49 000c 064A     	 ldr r2,.L4
  50              	.LVL4:
  51 000e D25C     	 ldrb r2,[r2,r3]
  52 0010 6A40     	 eor r2,r5
  53              	.LVL5:
  95:../freemodbus-v1.5.0/modbus/rtu/mbcrc.c ****         ucCRCHi = aucCRCLo[iIndex];
  54              	 .loc 1 95 0
  55 0012 0649     	 ldr r1,.L4+4
  56 0014 CD5C     	 ldrb r5,[r1,r3]
  57              	.LVL6:
  91:../freemodbus-v1.5.0/modbus/rtu/mbcrc.c ****     {
  58              	 .loc 1 91 0
  59 0016 211C     	 mov r1,r4
  93:../freemodbus-v1.5.0/modbus/rtu/mbcrc.c ****         ucCRCLo = ( UCHAR )( ucCRCHi ^ aucCRCHi[iIndex] );
  60              	 .loc 1 93 0
  61 0018 0130     	 add r0,r0,#1
  62              	.LVL7:
  63              	.L2:
  91:../freemodbus-v1.5.0/modbus/rtu/mbcrc.c ****     {
  64              	 .loc 1 91 0
  65 001a 4B1E     	 sub r3,r1,#1
  66 001c 9CB2     	 uxth r4,r3
  67              	.LVL8:
  68 001e 0029     	 cmp r1,#0
  69 0020 F2D1     	 bne .L3
  96:../freemodbus-v1.5.0/modbus/rtu/mbcrc.c ****     }
  97:../freemodbus-v1.5.0/modbus/rtu/mbcrc.c ****     return ( USHORT )( ucCRCHi << 8 | ucCRCLo );
  70              	 .loc 1 97 0
  71 0022 2802     	 lsl r0,r5,#8
  72              	.LVL9:
  73 0024 1043     	 orr r0,r2
  98:../freemodbus-v1.5.0/modbus/rtu/mbcrc.c **** }
  74              	 .loc 1 98 0
  75              	 
  76              	.LVL10:
  77              	.LVL11:
  78 0026 30BD     	 pop {r4,r5,pc}
  79              	.L5:
  80              	 .align 2
  81              	.L4:
  82 0028 00000000 	 .word .LANCHOR0
  83 002c 00000000 	 .word .LANCHOR1
  84              	 .cfi_endproc
  85              	.LFE100:
  87              	 .section .rodata.aucCRCLo,"a",%progbits
  88              	 .align 2
  89              	 .set .LANCHOR1,.+0
  92              	aucCRCLo:
  93 0000 00       	 .byte 0
  94 0001 C0       	 .byte -64
  95 0002 C1       	 .byte -63
  96 0003 01       	 .byte 1
  97 0004 C3       	 .byte -61
  98 0005 03       	 .byte 3
  99 0006 02       	 .byte 2
 100 0007 C2       	 .byte -62
 101 0008 C6       	 .byte -58
 102 0009 06       	 .byte 6
 103 000a 07       	 .byte 7
 104 000b C7       	 .byte -57
 105 000c 05       	 .byte 5
 106 000d C5       	 .byte -59
 107 000e C4       	 .byte -60
 108 000f 04       	 .byte 4
 109 0010 CC       	 .byte -52
 110 0011 0C       	 .byte 12
 111 0012 0D       	 .byte 13
 112 0013 CD       	 .byte -51
 113 0014 0F       	 .byte 15
 114 0015 CF       	 .byte -49
 115 0016 CE       	 .byte -50
 116 0017 0E       	 .byte 14
 117 0018 0A       	 .byte 10
 118 0019 CA       	 .byte -54
 119 001a CB       	 .byte -53
 120 001b 0B       	 .byte 11
 121 001c C9       	 .byte -55
 122 001d 09       	 .byte 9
 123 001e 08       	 .byte 8
 124 001f C8       	 .byte -56
 125 0020 D8       	 .byte -40
 126 0021 18       	 .byte 24
 127 0022 19       	 .byte 25
 128 0023 D9       	 .byte -39
 129 0024 1B       	 .byte 27
 130 0025 DB       	 .byte -37
 131 0026 DA       	 .byte -38
 132 0027 1A       	 .byte 26
 133 0028 1E       	 .byte 30
 134 0029 DE       	 .byte -34
 135 002a DF       	 .byte -33
 136 002b 1F       	 .byte 31
 137 002c DD       	 .byte -35
 138 002d 1D       	 .byte 29
 139 002e 1C       	 .byte 28
 140 002f DC       	 .byte -36
 141 0030 14       	 .byte 20
 142 0031 D4       	 .byte -44
 143 0032 D5       	 .byte -43
 144 0033 15       	 .byte 21
 145 0034 D7       	 .byte -41
 146 0035 17       	 .byte 23
 147 0036 16       	 .byte 22
 148 0037 D6       	 .byte -42
 149 0038 D2       	 .byte -46
 150 0039 12       	 .byte 18
 151 003a 13       	 .byte 19
 152 003b D3       	 .byte -45
 153 003c 11       	 .byte 17
 154 003d D1       	 .byte -47
 155 003e D0       	 .byte -48
 156 003f 10       	 .byte 16
 157 0040 F0       	 .byte -16
 158 0041 30       	 .byte 48
 159 0042 31       	 .byte 49
 160 0043 F1       	 .byte -15
 161 0044 33       	 .byte 51
 162 0045 F3       	 .byte -13
 163 0046 F2       	 .byte -14
 164 0047 32       	 .byte 50
 165 0048 36       	 .byte 54
 166 0049 F6       	 .byte -10
 167 004a F7       	 .byte -9
 168 004b 37       	 .byte 55
 169 004c F5       	 .byte -11
 170 004d 35       	 .byte 53
 171 004e 34       	 .byte 52
 172 004f F4       	 .byte -12
 173 0050 3C       	 .byte 60
 174 0051 FC       	 .byte -4
 175 0052 FD       	 .byte -3
 176 0053 3D       	 .byte 61
 177 0054 FF       	 .byte -1
 178 0055 3F       	 .byte 63
 179 0056 3E       	 .byte 62
 180 0057 FE       	 .byte -2
 181 0058 FA       	 .byte -6
 182 0059 3A       	 .byte 58
 183 005a 3B       	 .byte 59
 184 005b FB       	 .byte -5
 185 005c 39       	 .byte 57
 186 005d F9       	 .byte -7
 187 005e F8       	 .byte -8
 188 005f 38       	 .byte 56
 189 0060 28       	 .byte 40
 190 0061 E8       	 .byte -24
 191 0062 E9       	 .byte -23
 192 0063 29       	 .byte 41
 193 0064 EB       	 .byte -21
 194 0065 2B       	 .byte 43
 195 0066 2A       	 .byte 42
 196 0067 EA       	 .byte -22
 197 0068 EE       	 .byte -18
 198 0069 2E       	 .byte 46
 199 006a 2F       	 .byte 47
 200 006b EF       	 .byte -17
 201 006c 2D       	 .byte 45
 202 006d ED       	 .byte -19
 203 006e EC       	 .byte -20
 204 006f 2C       	 .byte 44
 205 0070 E4       	 .byte -28
 206 0071 24       	 .byte 36
 207 0072 25       	 .byte 37
 208 0073 E5       	 .byte -27
 209 0074 27       	 .byte 39
 210 0075 E7       	 .byte -25
 211 0076 E6       	 .byte -26
 212 0077 26       	 .byte 38
 213 0078 22       	 .byte 34
 214 0079 E2       	 .byte -30
 215 007a E3       	 .byte -29
 216 007b 23       	 .byte 35
 217 007c E1       	 .byte -31
 218 007d 21       	 .byte 33
 219 007e 20       	 .byte 32
 220 007f E0       	 .byte -32
 221 0080 A0       	 .byte -96
 222 0081 60       	 .byte 96
 223 0082 61       	 .byte 97
 224 0083 A1       	 .byte -95
 225 0084 63       	 .byte 99
 226 0085 A3       	 .byte -93
 227 0086 A2       	 .byte -94
 228 0087 62       	 .byte 98
 229 0088 66       	 .byte 102
 230 0089 A6       	 .byte -90
 231 008a A7       	 .byte -89
 232 008b 67       	 .byte 103
 233 008c A5       	 .byte -91
 234 008d 65       	 .byte 101
 235 008e 64       	 .byte 100
 236 008f A4       	 .byte -92
 237 0090 6C       	 .byte 108
 238 0091 AC       	 .byte -84
 239 0092 AD       	 .byte -83
 240 0093 6D       	 .byte 109
 241 0094 AF       	 .byte -81
 242 0095 6F       	 .byte 111
 243 0096 6E       	 .byte 110
 244 0097 AE       	 .byte -82
 245 0098 AA       	 .byte -86
 246 0099 6A       	 .byte 106
 247 009a 6B       	 .byte 107
 248 009b AB       	 .byte -85
 249 009c 69       	 .byte 105
 250 009d A9       	 .byte -87
 251 009e A8       	 .byte -88
 252 009f 68       	 .byte 104
 253 00a0 78       	 .byte 120
 254 00a1 B8       	 .byte -72
 255 00a2 B9       	 .byte -71
 256 00a3 79       	 .byte 121
 257 00a4 BB       	 .byte -69
 258 00a5 7B       	 .byte 123
 259 00a6 7A       	 .byte 122
 260 00a7 BA       	 .byte -70
 261 00a8 BE       	 .byte -66
 262 00a9 7E       	 .byte 126
 263 00aa 7F       	 .byte 127
 264 00ab BF       	 .byte -65
 265 00ac 7D       	 .byte 125
 266 00ad BD       	 .byte -67
 267 00ae BC       	 .byte -68
 268 00af 7C       	 .byte 124
 269 00b0 B4       	 .byte -76
 270 00b1 74       	 .byte 116
 271 00b2 75       	 .byte 117
 272 00b3 B5       	 .byte -75
 273 00b4 77       	 .byte 119
 274 00b5 B7       	 .byte -73
 275 00b6 B6       	 .byte -74
 276 00b7 76       	 .byte 118
 277 00b8 72       	 .byte 114
 278 00b9 B2       	 .byte -78
 279 00ba B3       	 .byte -77
 280 00bb 73       	 .byte 115
 281 00bc B1       	 .byte -79
 282 00bd 71       	 .byte 113
 283 00be 70       	 .byte 112
 284 00bf B0       	 .byte -80
 285 00c0 50       	 .byte 80
 286 00c1 90       	 .byte -112
 287 00c2 91       	 .byte -111
 288 00c3 51       	 .byte 81
 289 00c4 93       	 .byte -109
 290 00c5 53       	 .byte 83
 291 00c6 52       	 .byte 82
 292 00c7 92       	 .byte -110
 293 00c8 96       	 .byte -106
 294 00c9 56       	 .byte 86
 295 00ca 57       	 .byte 87
 296 00cb 97       	 .byte -105
 297 00cc 55       	 .byte 85
 298 00cd 95       	 .byte -107
 299 00ce 94       	 .byte -108
 300 00cf 54       	 .byte 84
 301 00d0 9C       	 .byte -100
 302 00d1 5C       	 .byte 92
 303 00d2 5D       	 .byte 93
 304 00d3 9D       	 .byte -99
 305 00d4 5F       	 .byte 95
 306 00d5 9F       	 .byte -97
 307 00d6 9E       	 .byte -98
 308 00d7 5E       	 .byte 94
 309 00d8 5A       	 .byte 90
 310 00d9 9A       	 .byte -102
 311 00da 9B       	 .byte -101
 312 00db 5B       	 .byte 91
 313 00dc 99       	 .byte -103
 314 00dd 59       	 .byte 89
 315 00de 58       	 .byte 88
 316 00df 98       	 .byte -104
 317 00e0 88       	 .byte -120
 318 00e1 48       	 .byte 72
 319 00e2 49       	 .byte 73
 320 00e3 89       	 .byte -119
 321 00e4 4B       	 .byte 75
 322 00e5 8B       	 .byte -117
 323 00e6 8A       	 .byte -118
 324 00e7 4A       	 .byte 74
 325 00e8 4E       	 .byte 78
 326 00e9 8E       	 .byte -114
 327 00ea 8F       	 .byte -113
 328 00eb 4F       	 .byte 79
 329 00ec 8D       	 .byte -115
 330 00ed 4D       	 .byte 77
 331 00ee 4C       	 .byte 76
 332 00ef 8C       	 .byte -116
 333 00f0 44       	 .byte 68
 334 00f1 84       	 .byte -124
 335 00f2 85       	 .byte -123
 336 00f3 45       	 .byte 69
 337 00f4 87       	 .byte -121
 338 00f5 47       	 .byte 71
 339 00f6 46       	 .byte 70
 340 00f7 86       	 .byte -122
 341 00f8 82       	 .byte -126
 342 00f9 42       	 .byte 66
 343 00fa 43       	 .byte 67
 344 00fb 83       	 .byte -125
 345 00fc 41       	 .byte 65
 346 00fd 81       	 .byte -127
 347 00fe 80       	 .byte -128
 348 00ff 40       	 .byte 64
 349              	 .section .rodata.aucCRCHi,"a",%progbits
 350              	 .align 2
 351              	 .set .LANCHOR0,.+0
 354              	aucCRCHi:
 355 0000 00       	 .byte 0
 356 0001 C1       	 .byte -63
 357 0002 81       	 .byte -127
 358 0003 40       	 .byte 64
 359 0004 01       	 .byte 1
 360 0005 C0       	 .byte -64
 361 0006 80       	 .byte -128
 362 0007 41       	 .byte 65
 363 0008 01       	 .byte 1
 364 0009 C0       	 .byte -64
 365 000a 80       	 .byte -128
 366 000b 41       	 .byte 65
 367 000c 00       	 .byte 0
 368 000d C1       	 .byte -63
 369 000e 81       	 .byte -127
 370 000f 40       	 .byte 64
 371 0010 01       	 .byte 1
 372 0011 C0       	 .byte -64
 373 0012 80       	 .byte -128
 374 0013 41       	 .byte 65
 375 0014 00       	 .byte 0
 376 0015 C1       	 .byte -63
 377 0016 81       	 .byte -127
 378 0017 40       	 .byte 64
 379 0018 00       	 .byte 0
 380 0019 C1       	 .byte -63
 381 001a 81       	 .byte -127
 382 001b 40       	 .byte 64
 383 001c 01       	 .byte 1
 384 001d C0       	 .byte -64
 385 001e 80       	 .byte -128
 386 001f 41       	 .byte 65
 387 0020 01       	 .byte 1
 388 0021 C0       	 .byte -64
 389 0022 80       	 .byte -128
 390 0023 41       	 .byte 65
 391 0024 00       	 .byte 0
 392 0025 C1       	 .byte -63
 393 0026 81       	 .byte -127
 394 0027 40       	 .byte 64
 395 0028 00       	 .byte 0
 396 0029 C1       	 .byte -63
 397 002a 81       	 .byte -127
 398 002b 40       	 .byte 64
 399 002c 01       	 .byte 1
 400 002d C0       	 .byte -64
 401 002e 80       	 .byte -128
 402 002f 41       	 .byte 65
 403 0030 00       	 .byte 0
 404 0031 C1       	 .byte -63
 405 0032 81       	 .byte -127
 406 0033 40       	 .byte 64
 407 0034 01       	 .byte 1
 408 0035 C0       	 .byte -64
 409 0036 80       	 .byte -128
 410 0037 41       	 .byte 65
 411 0038 01       	 .byte 1
 412 0039 C0       	 .byte -64
 413 003a 80       	 .byte -128
 414 003b 41       	 .byte 65
 415 003c 00       	 .byte 0
 416 003d C1       	 .byte -63
 417 003e 81       	 .byte -127
 418 003f 40       	 .byte 64
 419 0040 01       	 .byte 1
 420 0041 C0       	 .byte -64
 421 0042 80       	 .byte -128
 422 0043 41       	 .byte 65
 423 0044 00       	 .byte 0
 424 0045 C1       	 .byte -63
 425 0046 81       	 .byte -127
 426 0047 40       	 .byte 64
 427 0048 00       	 .byte 0
 428 0049 C1       	 .byte -63
 429 004a 81       	 .byte -127
 430 004b 40       	 .byte 64
 431 004c 01       	 .byte 1
 432 004d C0       	 .byte -64
 433 004e 80       	 .byte -128
 434 004f 41       	 .byte 65
 435 0050 00       	 .byte 0
 436 0051 C1       	 .byte -63
 437 0052 81       	 .byte -127
 438 0053 40       	 .byte 64
 439 0054 01       	 .byte 1
 440 0055 C0       	 .byte -64
 441 0056 80       	 .byte -128
 442 0057 41       	 .byte 65
 443 0058 01       	 .byte 1
 444 0059 C0       	 .byte -64
 445 005a 80       	 .byte -128
 446 005b 41       	 .byte 65
 447 005c 00       	 .byte 0
 448 005d C1       	 .byte -63
 449 005e 81       	 .byte -127
 450 005f 40       	 .byte 64
 451 0060 00       	 .byte 0
 452 0061 C1       	 .byte -63
 453 0062 81       	 .byte -127
 454 0063 40       	 .byte 64
 455 0064 01       	 .byte 1
 456 0065 C0       	 .byte -64
 457 0066 80       	 .byte -128
 458 0067 41       	 .byte 65
 459 0068 01       	 .byte 1
 460 0069 C0       	 .byte -64
 461 006a 80       	 .byte -128
 462 006b 41       	 .byte 65
 463 006c 00       	 .byte 0
 464 006d C1       	 .byte -63
 465 006e 81       	 .byte -127
 466 006f 40       	 .byte 64
 467 0070 01       	 .byte 1
 468 0071 C0       	 .byte -64
 469 0072 80       	 .byte -128
 470 0073 41       	 .byte 65
 471 0074 00       	 .byte 0
 472 0075 C1       	 .byte -63
 473 0076 81       	 .byte -127
 474 0077 40       	 .byte 64
 475 0078 00       	 .byte 0
 476 0079 C1       	 .byte -63
 477 007a 81       	 .byte -127
 478 007b 40       	 .byte 64
 479 007c 01       	 .byte 1
 480 007d C0       	 .byte -64
 481 007e 80       	 .byte -128
 482 007f 41       	 .byte 65
 483 0080 01       	 .byte 1
 484 0081 C0       	 .byte -64
 485 0082 80       	 .byte -128
 486 0083 41       	 .byte 65
 487 0084 00       	 .byte 0
 488 0085 C1       	 .byte -63
 489 0086 81       	 .byte -127
 490 0087 40       	 .byte 64
 491 0088 00       	 .byte 0
 492 0089 C1       	 .byte -63
 493 008a 81       	 .byte -127
 494 008b 40       	 .byte 64
 495 008c 01       	 .byte 1
 496 008d C0       	 .byte -64
 497 008e 80       	 .byte -128
 498 008f 41       	 .byte 65
 499 0090 00       	 .byte 0
 500 0091 C1       	 .byte -63
 501 0092 81       	 .byte -127
 502 0093 40       	 .byte 64
 503 0094 01       	 .byte 1
 504 0095 C0       	 .byte -64
 505 0096 80       	 .byte -128
 506 0097 41       	 .byte 65
 507 0098 01       	 .byte 1
 508 0099 C0       	 .byte -64
 509 009a 80       	 .byte -128
 510 009b 41       	 .byte 65
 511 009c 00       	 .byte 0
 512 009d C1       	 .byte -63
 513 009e 81       	 .byte -127
 514 009f 40       	 .byte 64
 515 00a0 00       	 .byte 0
 516 00a1 C1       	 .byte -63
 517 00a2 81       	 .byte -127
 518 00a3 40       	 .byte 64
 519 00a4 01       	 .byte 1
 520 00a5 C0       	 .byte -64
 521 00a6 80       	 .byte -128
 522 00a7 41       	 .byte 65
 523 00a8 01       	 .byte 1
 524 00a9 C0       	 .byte -64
 525 00aa 80       	 .byte -128
 526 00ab 41       	 .byte 65
 527 00ac 00       	 .byte 0
 528 00ad C1       	 .byte -63
 529 00ae 81       	 .byte -127
 530 00af 40       	 .byte 64
 531 00b0 01       	 .byte 1
 532 00b1 C0       	 .byte -64
 533 00b2 80       	 .byte -128
 534 00b3 41       	 .byte 65
 535 00b4 00       	 .byte 0
 536 00b5 C1       	 .byte -63
 537 00b6 81       	 .byte -127
 538 00b7 40       	 .byte 64
 539 00b8 00       	 .byte 0
 540 00b9 C1       	 .byte -63
 541 00ba 81       	 .byte -127
 542 00bb 40       	 .byte 64
 543 00bc 01       	 .byte 1
 544 00bd C0       	 .byte -64
 545 00be 80       	 .byte -128
 546 00bf 41       	 .byte 65
 547 00c0 00       	 .byte 0
 548 00c1 C1       	 .byte -63
 549 00c2 81       	 .byte -127
 550 00c3 40       	 .byte 64
 551 00c4 01       	 .byte 1
 552 00c5 C0       	 .byte -64
 553 00c6 80       	 .byte -128
 554 00c7 41       	 .byte 65
 555 00c8 01       	 .byte 1
 556 00c9 C0       	 .byte -64
 557 00ca 80       	 .byte -128
 558 00cb 41       	 .byte 65
 559 00cc 00       	 .byte 0
 560 00cd C1       	 .byte -63
 561 00ce 81       	 .byte -127
 562 00cf 40       	 .byte 64
 563 00d0 01       	 .byte 1
 564 00d1 C0       	 .byte -64
 565 00d2 80       	 .byte -128
 566 00d3 41       	 .byte 65
 567 00d4 00       	 .byte 0
 568 00d5 C1       	 .byte -63
 569 00d6 81       	 .byte -127
 570 00d7 40       	 .byte 64
 571 00d8 00       	 .byte 0
 572 00d9 C1       	 .byte -63
 573 00da 81       	 .byte -127
 574 00db 40       	 .byte 64
 575 00dc 01       	 .byte 1
 576 00dd C0       	 .byte -64
 577 00de 80       	 .byte -128
 578 00df 41       	 .byte 65
 579 00e0 01       	 .byte 1
 580 00e1 C0       	 .byte -64
 581 00e2 80       	 .byte -128
 582 00e3 41       	 .byte 65
 583 00e4 00       	 .byte 0
 584 00e5 C1       	 .byte -63
 585 00e6 81       	 .byte -127
 586 00e7 40       	 .byte 64
 587 00e8 00       	 .byte 0
 588 00e9 C1       	 .byte -63
 589 00ea 81       	 .byte -127
 590 00eb 40       	 .byte 64
 591 00ec 01       	 .byte 1
 592 00ed C0       	 .byte -64
 593 00ee 80       	 .byte -128
 594 00ef 41       	 .byte 65
 595 00f0 00       	 .byte 0
 596 00f1 C1       	 .byte -63
 597 00f2 81       	 .byte -127
 598 00f3 40       	 .byte 64
 599 00f4 01       	 .byte 1
 600 00f5 C0       	 .byte -64
 601 00f6 80       	 .byte -128
 602 00f7 41       	 .byte 65
 603 00f8 01       	 .byte 1
 604 00f9 C0       	 .byte -64
 605 00fa 80       	 .byte -128
 606 00fb 41       	 .byte 65
 607 00fc 00       	 .byte 0
 608 00fd C1       	 .byte -63
 609 00fe 81       	 .byte -127
 610 00ff 40       	 .byte 64
 611              	 .text
 612              	.Letext0:
 613              	 .file 2 "c:\\davev4-64bit\\dave-4.3.2\\eclipse\\arm-gcc-49\\arm-none-eabi\\include\\machine\\_default_types.h"
 614              	 .file 3 "c:\\davev4-64bit\\dave-4.3.2\\eclipse\\arm-gcc-49\\arm-none-eabi\\include\\stdint.h"
 615              	 .file 4 "C:/Projekte/Infineon_Dave/eHaJo/FlapFlap/freemodbus-v1.5.0/port/port.h"
DEFINED SYMBOLS
                            *ABS*:00000000 mbcrc.c
    {standard input}:18     .text.usMBCRC16:00000000 $t
    {standard input}:23     .text.usMBCRC16:00000000 usMBCRC16
    {standard input}:82     .text.usMBCRC16:00000028 $d
    {standard input}:88     .rodata.aucCRCLo:00000000 $d
    {standard input}:92     .rodata.aucCRCLo:00000000 aucCRCLo
    {standard input}:350    .rodata.aucCRCHi:00000000 $d
    {standard input}:354    .rodata.aucCRCHi:00000000 aucCRCHi
                     .debug_frame:00000010 $d

NO UNDEFINED SYMBOLS
