   1              	 .cpu cortex-m0
   2              	 .fpu softvfp
   3              	 .eabi_attribute 20,1
   4              	 .eabi_attribute 21,1
   5              	 .eabi_attribute 23,3
   6              	 .eabi_attribute 24,1
   7              	 .eabi_attribute 25,1
   8              	 .eabi_attribute 26,1
   9              	 .eabi_attribute 30,1
  10              	 .eabi_attribute 34,0
  11              	 .eabi_attribute 18,4
  12              	 .code 16
  13              	 .file "xmc1_gpio.c"
  14              	 .text
  15              	.Ltext0:
  16              	 .cfi_sections .debug_frame
  17              	 .section .text.XMC_GPIO_Init,"ax",%progbits
  18              	 .align 2
  19              	 .global XMC_GPIO_Init
  20              	 .code 16
  21              	 .thumb_func
  23              	XMC_GPIO_Init:
  24              	.LFB49:
  25              	 .file 1 "../Libraries/XMCLib/src/xmc1_gpio.c"
   1:../Libraries/XMCLib/src/xmc1_gpio.c **** /**
   2:../Libraries/XMCLib/src/xmc1_gpio.c ****  * @file xmc1_gpio.c
   3:../Libraries/XMCLib/src/xmc1_gpio.c ****  * @date 2015-06-20
   4:../Libraries/XMCLib/src/xmc1_gpio.c ****  *
   5:../Libraries/XMCLib/src/xmc1_gpio.c ****  * @cond
   6:../Libraries/XMCLib/src/xmc1_gpio.c ****  **************************************************************************************************
   7:../Libraries/XMCLib/src/xmc1_gpio.c ****  * XMClib v2.1.16 - XMC Peripheral Driver Library 
   8:../Libraries/XMCLib/src/xmc1_gpio.c ****  *
   9:../Libraries/XMCLib/src/xmc1_gpio.c ****  * Copyright (c) 2015-2017, Infineon Technologies AG
  10:../Libraries/XMCLib/src/xmc1_gpio.c ****  * All rights reserved.                        
  11:../Libraries/XMCLib/src/xmc1_gpio.c ****  *                                             
  12:../Libraries/XMCLib/src/xmc1_gpio.c ****  * Redistribution and use in source and binary forms, with or without modification,are permitted pr
  13:../Libraries/XMCLib/src/xmc1_gpio.c ****  * following conditions are met:   
  14:../Libraries/XMCLib/src/xmc1_gpio.c ****  *                                                                              
  15:../Libraries/XMCLib/src/xmc1_gpio.c ****  * Redistributions of source code must retain the above copyright notice, this list of conditions a
  16:../Libraries/XMCLib/src/xmc1_gpio.c ****  * disclaimer.                        
  17:../Libraries/XMCLib/src/xmc1_gpio.c ****  * 
  18:../Libraries/XMCLib/src/xmc1_gpio.c ****  * Redistributions in binary form must reproduce the above copyright notice, this list of condition
  19:../Libraries/XMCLib/src/xmc1_gpio.c ****  * disclaimer in the documentation and/or other materials provided with the distribution.          
  20:../Libraries/XMCLib/src/xmc1_gpio.c ****  * 
  21:../Libraries/XMCLib/src/xmc1_gpio.c ****  * Neither the name of the copyright holders nor the names of its contributors may be used to endor
  22:../Libraries/XMCLib/src/xmc1_gpio.c ****  * products derived from this software without specific prior written permission.                  
  23:../Libraries/XMCLib/src/xmc1_gpio.c ****  *                                                                              
  24:../Libraries/XMCLib/src/xmc1_gpio.c ****  * THIS SOFTWARE IS PROVIDED BY THE COPYRIGHT HOLDERS AND CONTRIBUTORS "AS IS" AND ANY EXPRESS OR I
  25:../Libraries/XMCLib/src/xmc1_gpio.c ****  * INCLUDING, BUT NOT LIMITED TO, THE IMPLIED WARRANTIES OF MERCHANTABILITY AND FITNESS FOR A PARTI
  26:../Libraries/XMCLib/src/xmc1_gpio.c ****  * DISCLAIMED. IN NO EVENT SHALL THE COPYRIGHT HOLDER OR CONTRIBUTORS BE LIABLE  FOR ANY DIRECT, IN
  27:../Libraries/XMCLib/src/xmc1_gpio.c ****  * SPECIAL, EXEMPLARY, OR CONSEQUENTIAL DAMAGES (INCLUDING, BUT NOT LIMITED TO, PROCUREMENT OF SUBS
  28:../Libraries/XMCLib/src/xmc1_gpio.c ****  * SERVICES; LOSS OF USE, DATA, OR PROFITS; OR BUSINESS INTERRUPTION) HOWEVER CAUSED AND ON ANY THE
  29:../Libraries/XMCLib/src/xmc1_gpio.c ****  * WHETHER IN CONTRACT, STRICT LIABILITY,OR TORT (INCLUDING NEGLIGENCE OR OTHERWISE) ARISING IN ANY
  30:../Libraries/XMCLib/src/xmc1_gpio.c ****  * OF THIS SOFTWARE, EVEN IF ADVISED OF THE POSSIBILITY OF SUCH DAMAGE.                            
  31:../Libraries/XMCLib/src/xmc1_gpio.c ****  *                                                                              
  32:../Libraries/XMCLib/src/xmc1_gpio.c ****  * To improve the quality of the software, users are encouraged to share modifications, enhancement
  33:../Libraries/XMCLib/src/xmc1_gpio.c ****  * Infineon Technologies AG dave@infineon.com).                                                    
  34:../Libraries/XMCLib/src/xmc1_gpio.c ****  **************************************************************************************************
  35:../Libraries/XMCLib/src/xmc1_gpio.c ****  *
  36:../Libraries/XMCLib/src/xmc1_gpio.c ****  * Change History
  37:../Libraries/XMCLib/src/xmc1_gpio.c ****  * --------------
  38:../Libraries/XMCLib/src/xmc1_gpio.c ****  *
  39:../Libraries/XMCLib/src/xmc1_gpio.c ****  * 2015-02-20:
  40:../Libraries/XMCLib/src/xmc1_gpio.c ****  *     - Initial draft <br>
  41:../Libraries/XMCLib/src/xmc1_gpio.c ****  *      
  42:../Libraries/XMCLib/src/xmc1_gpio.c ****  * 2015-06-20:
  43:../Libraries/XMCLib/src/xmc1_gpio.c ****  *     - Removed version macros and declaration of GetDriverVersion API
  44:../Libraries/XMCLib/src/xmc1_gpio.c ****  *
  45:../Libraries/XMCLib/src/xmc1_gpio.c ****  * @endcond
  46:../Libraries/XMCLib/src/xmc1_gpio.c ****  *
  47:../Libraries/XMCLib/src/xmc1_gpio.c ****  */
  48:../Libraries/XMCLib/src/xmc1_gpio.c **** 
  49:../Libraries/XMCLib/src/xmc1_gpio.c **** #include "xmc_gpio.h"
  50:../Libraries/XMCLib/src/xmc1_gpio.c **** 
  51:../Libraries/XMCLib/src/xmc1_gpio.c **** #if UC_FAMILY == XMC1
  52:../Libraries/XMCLib/src/xmc1_gpio.c **** 
  53:../Libraries/XMCLib/src/xmc1_gpio.c **** /*******************************************************************************
  54:../Libraries/XMCLib/src/xmc1_gpio.c ****  * MACROS
  55:../Libraries/XMCLib/src/xmc1_gpio.c ****  *******************************************************************************/
  56:../Libraries/XMCLib/src/xmc1_gpio.c **** 
  57:../Libraries/XMCLib/src/xmc1_gpio.c **** #define PORT_PHCR_Msk             PORT0_PHCR0_PH0_Msk
  58:../Libraries/XMCLib/src/xmc1_gpio.c **** #define PORT_PHCR_Size            PORT0_PHCR0_PH0_Msk
  59:../Libraries/XMCLib/src/xmc1_gpio.c **** #define PORT_HWSEL_Msk            PORT0_HWSEL_HW0_Msk
  60:../Libraries/XMCLib/src/xmc1_gpio.c **** 
  61:../Libraries/XMCLib/src/xmc1_gpio.c **** /*******************************************************************************
  62:../Libraries/XMCLib/src/xmc1_gpio.c ****  * API IMPLEMENTATION
  63:../Libraries/XMCLib/src/xmc1_gpio.c ****  *******************************************************************************/
  64:../Libraries/XMCLib/src/xmc1_gpio.c **** 
  65:../Libraries/XMCLib/src/xmc1_gpio.c **** void XMC_GPIO_Init(XMC_GPIO_PORT_t *const port, const uint8_t pin, const XMC_GPIO_CONFIG_t *const c
  66:../Libraries/XMCLib/src/xmc1_gpio.c **** {
  26              	 .loc 1 66 0
  27              	 .cfi_startproc
  28              	.LVL0:
  29 0000 F0B5     	 push {r4,r5,r6,r7,lr}
  30              	.LCFI0:
  31              	 .cfi_def_cfa_offset 20
  32              	 .cfi_offset 4,-20
  33              	 .cfi_offset 5,-16
  34              	 .cfi_offset 6,-12
  35              	 .cfi_offset 7,-8
  36              	 .cfi_offset 14,-4
  37 0002 4F46     	 mov r7,r9
  38 0004 4646     	 mov r6,r8
  39 0006 C0B4     	 push {r6,r7}
  40              	.LCFI1:
  41              	 .cfi_def_cfa_offset 28
  42              	 .cfi_offset 8,-28
  43              	 .cfi_offset 9,-24
  67:../Libraries/XMCLib/src/xmc1_gpio.c ****   XMC_ASSERT("XMC_GPIO_Init: Invalid port", XMC_GPIO_CHECK_PORT(port));
  68:../Libraries/XMCLib/src/xmc1_gpio.c ****   XMC_ASSERT("XMC_GPIO_Init: Invalid mode", XMC_GPIO_IsModeValid(config->mode));
  69:../Libraries/XMCLib/src/xmc1_gpio.c ****   XMC_ASSERT("XMC_GPIO_Init: Invalid input hysteresis", XMC_GPIO_CHECK_INPUT_HYSTERESIS(config->inp
  70:../Libraries/XMCLib/src/xmc1_gpio.c ****   
  71:../Libraries/XMCLib/src/xmc1_gpio.c ****   /* Switch to input */
  72:../Libraries/XMCLib/src/xmc1_gpio.c ****   port->IOCR[pin >> 2U] &= ~(uint32_t)((uint32_t)PORT_IOCR_PC_Msk << (PORT_IOCR_PC_Size * (pin & 0x
  44              	 .loc 1 72 0
  45 0008 8B08     	 lsr r3,r1,#2
  46 000a 9946     	 mov r9,r3
  47 000c 0433     	 add r3,r3,#4
  48 000e 9B00     	 lsl r3,r3,#2
  49 0010 1E58     	 ldr r6,[r3,r0]
  50 0012 0325     	 mov r5,#3
  51 0014 0D40     	 and r5,r1
  52 0016 ED00     	 lsl r5,r5,#3
  53 0018 F827     	 mov r7,#248
  54 001a AF40     	 lsl r7,r7,r5
  55 001c BE43     	 bic r6,r7
  56 001e 1E50     	 str r6,[r3,r0]
  73:../Libraries/XMCLib/src/xmc1_gpio.c **** 
  74:../Libraries/XMCLib/src/xmc1_gpio.c ****   /* HW port control is disabled */
  75:../Libraries/XMCLib/src/xmc1_gpio.c ****   port->HWSEL &= ~(uint32_t)((uint32_t)PORT_HWSEL_Msk << ((uint32_t)pin << 1U));
  57              	 .loc 1 75 0
  58 0020 436F     	 ldr r3,[r0,#116]
  59 0022 4F00     	 lsl r7,r1,#1
  60 0024 0326     	 mov r6,#3
  61 0026 BE40     	 lsl r6,r6,r7
  62 0028 B343     	 bic r3,r6
  63 002a 4367     	 str r3,[r0,#116]
  76:../Libraries/XMCLib/src/xmc1_gpio.c **** 
  77:../Libraries/XMCLib/src/xmc1_gpio.c ****   /* Set input hysteresis */
  78:../Libraries/XMCLib/src/xmc1_gpio.c ****   port->PHCR[(uint32_t)pin >> 3U] &= ~(uint32_t)((uint32_t)PORT_PHCR_Msk << ((uint32_t)PORT_PHCR_Si
  64              	 .loc 1 78 0
  65 002c CB08     	 lsr r3,r1,#3
  66 002e 1033     	 add r3,r3,#16
  67 0030 9B00     	 lsl r3,r3,#2
  68 0032 1C58     	 ldr r4,[r3,r0]
  69 0034 0726     	 mov r6,#7
  70 0036 0E40     	 and r6,r1
  71 0038 B600     	 lsl r6,r6,#2
  72 003a 0427     	 mov r7,#4
  73 003c B740     	 lsl r7,r7,r6
  74 003e BC43     	 bic r4,r7
  75 0040 1C50     	 str r4,[r3,r0]
  79:../Libraries/XMCLib/src/xmc1_gpio.c ****   port->PHCR[(uint32_t)pin >> 3U] |= (uint32_t)config->input_hysteresis << ((uint32_t)PORT_PHCR_Siz
  76              	 .loc 1 79 0
  77 0042 1F58     	 ldr r7,[r3,r0]
  78 0044 BC46     	 mov ip,r7
  79 0046 5778     	 ldrb r7,[r2,#1]
  80 0048 B740     	 lsl r7,r7,r6
  81 004a 3E1C     	 mov r6,r7
  82 004c 6746     	 mov r7,ip
  83 004e 3E43     	 orr r6,r7
  84 0050 1E50     	 str r6,[r3,r0]
  80:../Libraries/XMCLib/src/xmc1_gpio.c ****     
  81:../Libraries/XMCLib/src/xmc1_gpio.c ****   /* Enable digital input */
  82:../Libraries/XMCLib/src/xmc1_gpio.c ****   if (XMC_GPIO_CHECK_ANALOG_PORT(port))
  85              	 .loc 1 82 0
  86 0052 0C4B     	 ldr r3,.L3
  87 0054 9842     	 cmp r0,r3
  88 0056 04D1     	 bne .L2
  83:../Libraries/XMCLib/src/xmc1_gpio.c ****   {    
  84:../Libraries/XMCLib/src/xmc1_gpio.c ****     port->PDISC &= ~(uint32_t)((uint32_t)0x1U << pin);
  89              	 .loc 1 84 0
  90 0058 036E     	 ldr r3,[r0,#96]
  91 005a 0126     	 mov r6,#1
  92 005c 8E40     	 lsl r6,r6,r1
  93 005e B343     	 bic r3,r6
  94 0060 0366     	 str r3,[r0,#96]
  95              	.L2:
  85:../Libraries/XMCLib/src/xmc1_gpio.c ****   }
  86:../Libraries/XMCLib/src/xmc1_gpio.c ****   /* Set output level */
  87:../Libraries/XMCLib/src/xmc1_gpio.c ****   port->OMR = (uint32_t)config->output_level << pin;
  96              	 .loc 1 87 0
  97 0062 5368     	 ldr r3,[r2,#4]
  98 0064 8B40     	 lsl r3,r3,r1
  99 0066 4360     	 str r3,[r0,#4]
  88:../Libraries/XMCLib/src/xmc1_gpio.c ****   
  89:../Libraries/XMCLib/src/xmc1_gpio.c ****   /* Set mode */
  90:../Libraries/XMCLib/src/xmc1_gpio.c ****   port->IOCR[pin >> 2U] |= (uint32_t)config->mode << (PORT_IOCR_PC_Size * (pin & 0x3U));
 100              	 .loc 1 90 0
 101 0068 4B46     	 mov r3,r9
 102 006a 0433     	 add r3,r3,#4
 103 006c 9B00     	 lsl r3,r3,#2
 104 006e 1958     	 ldr r1,[r3,r0]
 105              	.LVL1:
 106 0070 1278     	 ldrb r2,[r2]
 107              	.LVL2:
 108 0072 AA40     	 lsl r2,r2,r5
 109 0074 151C     	 mov r5,r2
 110 0076 0D43     	 orr r5,r1
 111 0078 1D50     	 str r5,[r3,r0]
  91:../Libraries/XMCLib/src/xmc1_gpio.c **** }
 112              	 .loc 1 91 0
 113              	 
 114 007a 0CBC     	 pop {r2,r3}
 115 007c 9046     	 mov r8,r2
 116 007e 9946     	 mov r9,r3
 117 0080 F0BD     	 pop {r4,r5,r6,r7,pc}
 118              	.L4:
 119 0082 C046     	 .align 2
 120              	.L3:
 121 0084 00020440 	 .word 1074004480
 122              	 .cfi_endproc
 123              	.LFE49:
 125              	 .section .text.XMC_GPIO_SetInputHysteresis,"ax",%progbits
 126              	 .align 2
 127              	 .global XMC_GPIO_SetInputHysteresis
 128              	 .code 16
 129              	 .thumb_func
 131              	XMC_GPIO_SetInputHysteresis:
 132              	.LFB50:
  92:../Libraries/XMCLib/src/xmc1_gpio.c **** 
  93:../Libraries/XMCLib/src/xmc1_gpio.c **** void XMC_GPIO_SetInputHysteresis(XMC_GPIO_PORT_t *const port, 
  94:../Libraries/XMCLib/src/xmc1_gpio.c ****                                  const uint8_t pin, 
  95:../Libraries/XMCLib/src/xmc1_gpio.c ****                                  const XMC_GPIO_INPUT_HYSTERESIS_t hysteresis)
  96:../Libraries/XMCLib/src/xmc1_gpio.c **** {
 133              	 .loc 1 96 0
 134              	 .cfi_startproc
 135              	.LVL3:
 136 0000 30B5     	 push {r4,r5,lr}
 137              	.LCFI2:
 138              	 .cfi_def_cfa_offset 12
 139              	 .cfi_offset 4,-12
 140              	 .cfi_offset 5,-8
 141              	 .cfi_offset 14,-4
  97:../Libraries/XMCLib/src/xmc1_gpio.c ****   XMC_ASSERT("XMC_GPIO_SetInputHysteresis: Invalid port", XMC_GPIO_CHECK_PORT(port));
  98:../Libraries/XMCLib/src/xmc1_gpio.c ****   XMC_ASSERT("XMC_GPIO_SetInputHysteresis: Invalid input hysteresis", XMC_GPIO_CHECK_INPUT_HYSTERES
  99:../Libraries/XMCLib/src/xmc1_gpio.c **** 
 100:../Libraries/XMCLib/src/xmc1_gpio.c ****   port->PHCR[(uint32_t)pin >> 3U] &= ~(uint32_t)((uint32_t)PORT_PHCR_Msk << ((uint32_t)PORT_PHCR_Si
 142              	 .loc 1 100 0
 143 0002 CB08     	 lsr r3,r1,#3
 144 0004 1033     	 add r3,r3,#16
 145 0006 9B00     	 lsl r3,r3,#2
 146 0008 1C58     	 ldr r4,[r3,r0]
 147 000a 0725     	 mov r5,#7
 148 000c 2940     	 and r1,r5
 149              	.LVL4:
 150 000e 8900     	 lsl r1,r1,#2
 151 0010 033D     	 sub r5,r5,#3
 152 0012 8D40     	 lsl r5,r5,r1
 153 0014 AC43     	 bic r4,r5
 154 0016 1C50     	 str r4,[r3,r0]
 101:../Libraries/XMCLib/src/xmc1_gpio.c ****   port->PHCR[(uint32_t)pin >> 3U] |= (uint32_t)hysteresis << ((uint32_t)PORT_PHCR_Size * ((uint32_t
 155              	 .loc 1 101 0
 156 0018 1C58     	 ldr r4,[r3,r0]
 157 001a 8A40     	 lsl r2,r2,r1
 158              	.LVL5:
 159 001c 111C     	 mov r1,r2
 160 001e 2143     	 orr r1,r4
 161 0020 1950     	 str r1,[r3,r0]
 102:../Libraries/XMCLib/src/xmc1_gpio.c **** }
 162              	 .loc 1 102 0
 163              	 
 164 0022 30BD     	 pop {r4,r5,pc}
 165              	 .cfi_endproc
 166              	.LFE50:
 168              	 .text
 169              	.Letext0:
 170              	 .file 2 "c:\\davev4-64bit\\dave-4.3.2\\eclipse\\arm-gcc-49\\arm-none-eabi\\include\\machine\\_default_types.h"
 171              	 .file 3 "c:\\davev4-64bit\\dave-4.3.2\\eclipse\\arm-gcc-49\\arm-none-eabi\\include\\stdint.h"
 172              	 .file 4 "C:/Projekte/Infineon_Dave/eHaJo/FlapFlap/Libraries/XMCLib/inc/xmc_gpio.h"
 173              	 .file 5 "C:/Projekte/Infineon_Dave/eHaJo/FlapFlap/Libraries/XMCLib/inc/xmc1_gpio.h"
DEFINED SYMBOLS
                            *ABS*:00000000 xmc1_gpio.c
    {standard input}:18     .text.XMC_GPIO_Init:00000000 $t
    {standard input}:23     .text.XMC_GPIO_Init:00000000 XMC_GPIO_Init
    {standard input}:121    .text.XMC_GPIO_Init:00000084 $d
    {standard input}:126    .text.XMC_GPIO_SetInputHysteresis:00000000 $t
    {standard input}:131    .text.XMC_GPIO_SetInputHysteresis:00000000 XMC_GPIO_SetInputHysteresis
                     .debug_frame:00000010 $d

NO UNDEFINED SYMBOLS
