   1              	 .cpu cortex-m0
   2              	 .fpu softvfp
   3              	 .eabi_attribute 20,1
   4              	 .eabi_attribute 21,1
   5              	 .eabi_attribute 23,3
   6              	 .eabi_attribute 24,1
   7              	 .eabi_attribute 25,1
   8              	 .eabi_attribute 26,1
   9              	 .eabi_attribute 30,1
  10              	 .eabi_attribute 34,0
  11              	 .eabi_attribute 18,4
  12              	 .code 16
  13              	 .file "xmc_gpio.c"
  14              	 .text
  15              	.Ltext0:
  16              	 .cfi_sections .debug_frame
  17              	 .section .text.XMC_GPIO_SetMode,"ax",%progbits
  18              	 .align 2
  19              	 .global XMC_GPIO_SetMode
  20              	 .code 16
  21              	 .thumb_func
  23              	XMC_GPIO_SetMode:
  24              	.LFB49:
  25              	 .file 1 "../Libraries/XMCLib/src/xmc_gpio.c"
   1:../Libraries/XMCLib/src/xmc_gpio.c **** /**
   2:../Libraries/XMCLib/src/xmc_gpio.c ****  * @file xmc_gpio.c
   3:../Libraries/XMCLib/src/xmc_gpio.c ****  * @date 2015-06-20
   4:../Libraries/XMCLib/src/xmc_gpio.c ****  *
   5:../Libraries/XMCLib/src/xmc_gpio.c ****  * @cond
   6:../Libraries/XMCLib/src/xmc_gpio.c ****  **************************************************************************************************
   7:../Libraries/XMCLib/src/xmc_gpio.c ****  * XMClib v2.1.16 - XMC Peripheral Driver Library 
   8:../Libraries/XMCLib/src/xmc_gpio.c ****  *
   9:../Libraries/XMCLib/src/xmc_gpio.c ****  * Copyright (c) 2015-2017, Infineon Technologies AG
  10:../Libraries/XMCLib/src/xmc_gpio.c ****  * All rights reserved.                        
  11:../Libraries/XMCLib/src/xmc_gpio.c ****  *                                             
  12:../Libraries/XMCLib/src/xmc_gpio.c ****  * Redistribution and use in source and binary forms, with or without modification,are permitted pr
  13:../Libraries/XMCLib/src/xmc_gpio.c ****  * following conditions are met:   
  14:../Libraries/XMCLib/src/xmc_gpio.c ****  *                                                                              
  15:../Libraries/XMCLib/src/xmc_gpio.c ****  * Redistributions of source code must retain the above copyright notice, this list of conditions a
  16:../Libraries/XMCLib/src/xmc_gpio.c ****  * disclaimer.                        
  17:../Libraries/XMCLib/src/xmc_gpio.c ****  * 
  18:../Libraries/XMCLib/src/xmc_gpio.c ****  * Redistributions in binary form must reproduce the above copyright notice, this list of condition
  19:../Libraries/XMCLib/src/xmc_gpio.c ****  * disclaimer in the documentation and/or other materials provided with the distribution.          
  20:../Libraries/XMCLib/src/xmc_gpio.c ****  * 
  21:../Libraries/XMCLib/src/xmc_gpio.c ****  * Neither the name of the copyright holders nor the names of its contributors may be used to endor
  22:../Libraries/XMCLib/src/xmc_gpio.c ****  * products derived from this software without specific prior written permission.                  
  23:../Libraries/XMCLib/src/xmc_gpio.c ****  *                                                                              
  24:../Libraries/XMCLib/src/xmc_gpio.c ****  * THIS SOFTWARE IS PROVIDED BY THE COPYRIGHT HOLDERS AND CONTRIBUTORS "AS IS" AND ANY EXPRESS OR I
  25:../Libraries/XMCLib/src/xmc_gpio.c ****  * INCLUDING, BUT NOT LIMITED TO, THE IMPLIED WARRANTIES OF MERCHANTABILITY AND FITNESS FOR A PARTI
  26:../Libraries/XMCLib/src/xmc_gpio.c ****  * DISCLAIMED. IN NO EVENT SHALL THE COPYRIGHT HOLDER OR CONTRIBUTORS BE LIABLE  FOR ANY DIRECT, IN
  27:../Libraries/XMCLib/src/xmc_gpio.c ****  * SPECIAL, EXEMPLARY, OR CONSEQUENTIAL DAMAGES (INCLUDING, BUT NOT LIMITED TO, PROCUREMENT OF SUBS
  28:../Libraries/XMCLib/src/xmc_gpio.c ****  * SERVICES; LOSS OF USE, DATA, OR PROFITS; OR BUSINESS INTERRUPTION) HOWEVER CAUSED AND ON ANY THE
  29:../Libraries/XMCLib/src/xmc_gpio.c ****  * WHETHER IN CONTRACT, STRICT LIABILITY,OR TORT (INCLUDING NEGLIGENCE OR OTHERWISE) ARISING IN ANY
  30:../Libraries/XMCLib/src/xmc_gpio.c ****  * OF THIS SOFTWARE, EVEN IF ADVISED OF THE POSSIBILITY OF SUCH DAMAGE.                            
  31:../Libraries/XMCLib/src/xmc_gpio.c ****  *                                                                              
  32:../Libraries/XMCLib/src/xmc_gpio.c ****  * To improve the quality of the software, users are encouraged to share modifications, enhancement
  33:../Libraries/XMCLib/src/xmc_gpio.c ****  * Infineon Technologies AG dave@infineon.com).                                                    
  34:../Libraries/XMCLib/src/xmc_gpio.c ****  **************************************************************************************************
  35:../Libraries/XMCLib/src/xmc_gpio.c ****  *
  36:../Libraries/XMCLib/src/xmc_gpio.c ****  * Change History
  37:../Libraries/XMCLib/src/xmc_gpio.c ****  * --------------
  38:../Libraries/XMCLib/src/xmc_gpio.c ****  *
  39:../Libraries/XMCLib/src/xmc_gpio.c ****  * 2015-02-20:
  40:../Libraries/XMCLib/src/xmc_gpio.c ****  *     - Initial draft <br>
  41:../Libraries/XMCLib/src/xmc_gpio.c ****  *      
  42:../Libraries/XMCLib/src/xmc_gpio.c ****  * 2015-06-20:
  43:../Libraries/XMCLib/src/xmc_gpio.c ****  *     - Removed version macros and declaration of GetDriverVersion API
  44:../Libraries/XMCLib/src/xmc_gpio.c ****  *
  45:../Libraries/XMCLib/src/xmc_gpio.c ****  * @endcond
  46:../Libraries/XMCLib/src/xmc_gpio.c ****  *
  47:../Libraries/XMCLib/src/xmc_gpio.c ****  */
  48:../Libraries/XMCLib/src/xmc_gpio.c **** 
  49:../Libraries/XMCLib/src/xmc_gpio.c **** /*******************************************************************************
  50:../Libraries/XMCLib/src/xmc_gpio.c ****  * HEADER FILES
  51:../Libraries/XMCLib/src/xmc_gpio.c ****  *******************************************************************************/
  52:../Libraries/XMCLib/src/xmc_gpio.c **** 
  53:../Libraries/XMCLib/src/xmc_gpio.c **** #include <xmc_gpio.h>
  54:../Libraries/XMCLib/src/xmc_gpio.c **** 
  55:../Libraries/XMCLib/src/xmc_gpio.c **** /*******************************************************************************
  56:../Libraries/XMCLib/src/xmc_gpio.c ****  * MACROS
  57:../Libraries/XMCLib/src/xmc_gpio.c ****  *******************************************************************************/
  58:../Libraries/XMCLib/src/xmc_gpio.c **** 
  59:../Libraries/XMCLib/src/xmc_gpio.c **** #define PORT_HWSEL_Msk PORT0_HWSEL_HW0_Msk
  60:../Libraries/XMCLib/src/xmc_gpio.c **** 
  61:../Libraries/XMCLib/src/xmc_gpio.c **** /*******************************************************************************
  62:../Libraries/XMCLib/src/xmc_gpio.c ****  * API IMPLEMENTATION
  63:../Libraries/XMCLib/src/xmc_gpio.c ****  *******************************************************************************/
  64:../Libraries/XMCLib/src/xmc_gpio.c **** 
  65:../Libraries/XMCLib/src/xmc_gpio.c **** void XMC_GPIO_SetMode(XMC_GPIO_PORT_t *const port, const uint8_t pin, const XMC_GPIO_MODE_t mode)
  66:../Libraries/XMCLib/src/xmc_gpio.c **** {
  26              	 .loc 1 66 0
  27              	 .cfi_startproc
  28              	.LVL0:
  29 0000 30B5     	 push {r4,r5,lr}
  30              	.LCFI0:
  31              	 .cfi_def_cfa_offset 12
  32              	 .cfi_offset 4,-12
  33              	 .cfi_offset 5,-8
  34              	 .cfi_offset 14,-4
  67:../Libraries/XMCLib/src/xmc_gpio.c ****   XMC_ASSERT("XMC_GPIO_SetMode: Invalid port", XMC_GPIO_CHECK_PORT(port));
  68:../Libraries/XMCLib/src/xmc_gpio.c ****   XMC_ASSERT("XMC_GPIO_SetMode: Invalid mode", XMC_GPIO_IsModeValid(mode));
  69:../Libraries/XMCLib/src/xmc_gpio.c **** 
  70:../Libraries/XMCLib/src/xmc_gpio.c ****   port->IOCR[(uint32_t)pin >> 2U] &= ~(uint32_t)((uint32_t)PORT_IOCR_PC_Msk << ((uint32_t)PORT_IOCR
  35              	 .loc 1 70 0
  36 0002 8B08     	 lsr r3,r1,#2
  37 0004 0433     	 add r3,r3,#4
  38 0006 9B00     	 lsl r3,r3,#2
  39 0008 1C58     	 ldr r4,[r3,r0]
  40 000a 0325     	 mov r5,#3
  41 000c 2940     	 and r1,r5
  42              	.LVL1:
  43 000e C900     	 lsl r1,r1,#3
  44 0010 F535     	 add r5,r5,#245
  45 0012 8D40     	 lsl r5,r5,r1
  46 0014 AC43     	 bic r4,r5
  47 0016 1C50     	 str r4,[r3,r0]
  71:../Libraries/XMCLib/src/xmc_gpio.c ****   port->IOCR[(uint32_t)pin >> 2U] |= (uint32_t)mode << ((uint32_t)PORT_IOCR_PC_Size * ((uint32_t)pi
  48              	 .loc 1 71 0
  49 0018 1C58     	 ldr r4,[r3,r0]
  50 001a 8A40     	 lsl r2,r2,r1
  51              	.LVL2:
  52 001c 111C     	 mov r1,r2
  53 001e 2143     	 orr r1,r4
  54 0020 1950     	 str r1,[r3,r0]
  72:../Libraries/XMCLib/src/xmc_gpio.c **** }
  55              	 .loc 1 72 0
  56              	 
  57 0022 30BD     	 pop {r4,r5,pc}
  58              	 .cfi_endproc
  59              	.LFE49:
  61              	 .section .text.XMC_GPIO_SetHardwareControl,"ax",%progbits
  62              	 .align 2
  63              	 .global XMC_GPIO_SetHardwareControl
  64              	 .code 16
  65              	 .thumb_func
  67              	XMC_GPIO_SetHardwareControl:
  68              	.LFB50:
  73:../Libraries/XMCLib/src/xmc_gpio.c **** 
  74:../Libraries/XMCLib/src/xmc_gpio.c **** void XMC_GPIO_SetHardwareControl(XMC_GPIO_PORT_t *const port, const uint8_t pin, const XMC_GPIO_HWC
  75:../Libraries/XMCLib/src/xmc_gpio.c **** {
  69              	 .loc 1 75 0
  70              	 .cfi_startproc
  71              	.LVL3:
  72 0000 10B5     	 push {r4,lr}
  73              	.LCFI1:
  74              	 .cfi_def_cfa_offset 8
  75              	 .cfi_offset 4,-8
  76              	 .cfi_offset 14,-4
  76:../Libraries/XMCLib/src/xmc_gpio.c ****   XMC_ASSERT("XMC_GPIO_SetHardwareControl: Invalid port", XMC_GPIO_CHECK_PORT(port));
  77:../Libraries/XMCLib/src/xmc_gpio.c ****   XMC_ASSERT("XMC_GPIO_SetHardwareControl: Invalid hwctrl", XMC_GPIO_CHECK_HWCTRL(hwctrl));
  78:../Libraries/XMCLib/src/xmc_gpio.c **** 
  79:../Libraries/XMCLib/src/xmc_gpio.c ****   port->HWSEL &= ~(uint32_t)((uint32_t)PORT_HWSEL_Msk << ((uint32_t)pin << 1U));
  77              	 .loc 1 79 0
  78 0002 436F     	 ldr r3,[r0,#116]
  79 0004 4900     	 lsl r1,r1,#1
  80              	.LVL4:
  81 0006 0324     	 mov r4,#3
  82 0008 8C40     	 lsl r4,r4,r1
  83 000a A343     	 bic r3,r4
  84 000c 4367     	 str r3,[r0,#116]
  80:../Libraries/XMCLib/src/xmc_gpio.c ****   port->HWSEL |= (uint32_t)hwctrl << ((uint32_t)pin << 1U);
  85              	 .loc 1 80 0
  86 000e 436F     	 ldr r3,[r0,#116]
  87 0010 8A40     	 lsl r2,r2,r1
  88              	.LVL5:
  89 0012 1343     	 orr r3,r2
  90 0014 4367     	 str r3,[r0,#116]
  81:../Libraries/XMCLib/src/xmc_gpio.c **** }
  91              	 .loc 1 81 0
  92              	 
  93 0016 10BD     	 pop {r4,pc}
  94              	 .cfi_endproc
  95              	.LFE50:
  97              	 .text
  98              	.Letext0:
  99              	 .file 2 "c:\\davev4-64bit\\dave-4.3.2\\eclipse\\arm-gcc-49\\arm-none-eabi\\include\\machine\\_default_types.h"
 100              	 .file 3 "c:\\davev4-64bit\\dave-4.3.2\\eclipse\\arm-gcc-49\\arm-none-eabi\\include\\stdint.h"
 101              	 .file 4 "C:/Projekte/Infineon_Dave/eHaJo/FlapFlap/Libraries/XMCLib/inc/xmc_gpio.h"
 102              	 .file 5 "C:/Projekte/Infineon_Dave/eHaJo/FlapFlap/Libraries/XMCLib/inc/xmc1_gpio.h"
DEFINED SYMBOLS
                            *ABS*:00000000 xmc_gpio.c
    {standard input}:18     .text.XMC_GPIO_SetMode:00000000 $t
    {standard input}:23     .text.XMC_GPIO_SetMode:00000000 XMC_GPIO_SetMode
    {standard input}:62     .text.XMC_GPIO_SetHardwareControl:00000000 $t
    {standard input}:67     .text.XMC_GPIO_SetHardwareControl:00000000 XMC_GPIO_SetHardwareControl
                     .debug_frame:00000010 $d

NO UNDEFINED SYMBOLS
