   1              	 .cpu cortex-m0
   2              	 .fpu softvfp
   3              	 .eabi_attribute 20,1
   4              	 .eabi_attribute 21,1
   5              	 .eabi_attribute 23,3
   6              	 .eabi_attribute 24,1
   7              	 .eabi_attribute 25,1
   8              	 .eabi_attribute 26,1
   9              	 .eabi_attribute 30,1
  10              	 .eabi_attribute 34,0
  11              	 .eabi_attribute 18,4
  12              	 .code 16
  13              	 .file "xmc_prng.c"
  14              	 .text
  15              	.Ltext0:
  16              	 .cfi_sections .debug_frame
  17              	 .section .text.XMC_PRNG_Init,"ax",%progbits
  18              	 .align 2
  19              	 .global XMC_PRNG_Init
  20              	 .code 16
  21              	 .thumb_func
  23              	XMC_PRNG_Init:
  24              	.LFB45:
  25              	 .file 1 "../Libraries/XMCLib/src/xmc_prng.c"
   1:../Libraries/XMCLib/src/xmc_prng.c **** 
   2:../Libraries/XMCLib/src/xmc_prng.c **** /**
   3:../Libraries/XMCLib/src/xmc_prng.c ****  * @file xmc_prng.c
   4:../Libraries/XMCLib/src/xmc_prng.c ****  * @date 2015-06-20
   5:../Libraries/XMCLib/src/xmc_prng.c ****  *
   6:../Libraries/XMCLib/src/xmc_prng.c ****  * @cond
   7:../Libraries/XMCLib/src/xmc_prng.c ****  **************************************************************************************************
   8:../Libraries/XMCLib/src/xmc_prng.c ****  * XMClib v2.1.16 - XMC Peripheral Driver Library 
   9:../Libraries/XMCLib/src/xmc_prng.c ****  *
  10:../Libraries/XMCLib/src/xmc_prng.c ****  * Copyright (c) 2015-2017, Infineon Technologies AG
  11:../Libraries/XMCLib/src/xmc_prng.c ****  * All rights reserved.                        
  12:../Libraries/XMCLib/src/xmc_prng.c ****  *                                             
  13:../Libraries/XMCLib/src/xmc_prng.c ****  * Redistribution and use in source and binary forms, with or without modification,are permitted pr
  14:../Libraries/XMCLib/src/xmc_prng.c ****  * following conditions are met:   
  15:../Libraries/XMCLib/src/xmc_prng.c ****  *                                                                              
  16:../Libraries/XMCLib/src/xmc_prng.c ****  * Redistributions of source code must retain the above copyright notice, this list of conditions a
  17:../Libraries/XMCLib/src/xmc_prng.c ****  * disclaimer.                        
  18:../Libraries/XMCLib/src/xmc_prng.c ****  * 
  19:../Libraries/XMCLib/src/xmc_prng.c ****  * Redistributions in binary form must reproduce the above copyright notice, this list of condition
  20:../Libraries/XMCLib/src/xmc_prng.c ****  * disclaimer in the documentation and/or other materials provided with the distribution.          
  21:../Libraries/XMCLib/src/xmc_prng.c ****  * 
  22:../Libraries/XMCLib/src/xmc_prng.c ****  * Neither the name of the copyright holders nor the names of its contributors may be used to endor
  23:../Libraries/XMCLib/src/xmc_prng.c ****  * products derived from this software without specific prior written permission.                  
  24:../Libraries/XMCLib/src/xmc_prng.c ****  *                                                                              
  25:../Libraries/XMCLib/src/xmc_prng.c ****  * THIS SOFTWARE IS PROVIDED BY THE COPYRIGHT HOLDERS AND CONTRIBUTORS "AS IS" AND ANY EXPRESS OR I
  26:../Libraries/XMCLib/src/xmc_prng.c ****  * INCLUDING, BUT NOT LIMITED TO, THE IMPLIED WARRANTIES OF MERCHANTABILITY AND FITNESS FOR A PARTI
  27:../Libraries/XMCLib/src/xmc_prng.c ****  * DISCLAIMED. IN NO EVENT SHALL THE COPYRIGHT HOLDER OR CONTRIBUTORS BE LIABLE  FOR ANY DIRECT, IN
  28:../Libraries/XMCLib/src/xmc_prng.c ****  * SPECIAL, EXEMPLARY, OR CONSEQUENTIAL DAMAGES (INCLUDING, BUT NOT LIMITED TO, PROCUREMENT OF SUBS
  29:../Libraries/XMCLib/src/xmc_prng.c ****  * SERVICES; LOSS OF USE, DATA, OR PROFITS; OR BUSINESS INTERRUPTION) HOWEVER CAUSED AND ON ANY THE
  30:../Libraries/XMCLib/src/xmc_prng.c ****  * WHETHER IN CONTRACT, STRICT LIABILITY,OR TORT (INCLUDING NEGLIGENCE OR OTHERWISE) ARISING IN ANY
  31:../Libraries/XMCLib/src/xmc_prng.c ****  * OF THIS SOFTWARE, EVEN IF ADVISED OF THE POSSIBILITY OF SUCH DAMAGE.                            
  32:../Libraries/XMCLib/src/xmc_prng.c ****  *                                                                              
  33:../Libraries/XMCLib/src/xmc_prng.c ****  * To improve the quality of the software, users are encouraged to share modifications, enhancement
  34:../Libraries/XMCLib/src/xmc_prng.c ****  * Infineon Technologies AG dave@infineon.com).                                                    
  35:../Libraries/XMCLib/src/xmc_prng.c ****  **************************************************************************************************
  36:../Libraries/XMCLib/src/xmc_prng.c ****  *
  37:../Libraries/XMCLib/src/xmc_prng.c ****  * Change History
  38:../Libraries/XMCLib/src/xmc_prng.c ****  * --------------
  39:../Libraries/XMCLib/src/xmc_prng.c ****  *
  40:../Libraries/XMCLib/src/xmc_prng.c ****  * 2015-02-20:
  41:../Libraries/XMCLib/src/xmc_prng.c ****  *     - Initial <br>
  42:../Libraries/XMCLib/src/xmc_prng.c ****  *     - Removed GetDriverVersion API <br>
  43:../Libraries/XMCLib/src/xmc_prng.c ****  *
  44:../Libraries/XMCLib/src/xmc_prng.c ****  * 2015-06-20
  45:../Libraries/XMCLib/src/xmc_prng.c ****  *     - Removed definition of GetDriverVersion API <br>
  46:../Libraries/XMCLib/src/xmc_prng.c ****  *
  47:../Libraries/XMCLib/src/xmc_prng.c ****  * @endcond
  48:../Libraries/XMCLib/src/xmc_prng.c ****  */
  49:../Libraries/XMCLib/src/xmc_prng.c ****  
  50:../Libraries/XMCLib/src/xmc_prng.c **** #include "xmc_prng.h"
  51:../Libraries/XMCLib/src/xmc_prng.c **** 
  52:../Libraries/XMCLib/src/xmc_prng.c **** #if defined (PRNG)
  53:../Libraries/XMCLib/src/xmc_prng.c **** 
  54:../Libraries/XMCLib/src/xmc_prng.c **** /**************************************************************************************************
  55:../Libraries/XMCLib/src/xmc_prng.c ****  * API IMPLEMENTATION
  56:../Libraries/XMCLib/src/xmc_prng.c ****  **************************************************************************************************
  57:../Libraries/XMCLib/src/xmc_prng.c ****  
  58:../Libraries/XMCLib/src/xmc_prng.c **** /*
  59:../Libraries/XMCLib/src/xmc_prng.c ****  * Initializes the PRNG peripheral with the settings in the
  60:../Libraries/XMCLib/src/xmc_prng.c ****  * initialization structure XMC_PRNG_INIT_t
  61:../Libraries/XMCLib/src/xmc_prng.c ****  */
  62:../Libraries/XMCLib/src/xmc_prng.c **** XMC_PRNG_INIT_STATUS_t XMC_PRNG_Init(const XMC_PRNG_INIT_t *prng)
  63:../Libraries/XMCLib/src/xmc_prng.c **** {
  26              	 .loc 1 63 0
  27              	 .cfi_startproc
  28              	.LVL0:
  29 0000 10B5     	 push {r4,lr}
  30              	.LCFI0:
  31              	 .cfi_def_cfa_offset 8
  32              	 .cfi_offset 4,-8
  33              	 .cfi_offset 14,-4
  34 0002 82B0     	 sub sp,sp,#8
  35              	.LCFI1:
  36              	 .cfi_def_cfa_offset 16
  37              	.LVL1:
  38              	.LBB14:
  39              	.LBB15:
  40              	 .file 2 "C:/Projekte/Infineon_Dave/eHaJo/FlapFlap/Libraries/XMCLib/inc/xmc_prng.h"
   1:C:/Projekte/Infineon_Dave/eHaJo/FlapFlap/Libraries/XMCLib/inc\xmc_prng.h **** 
   2:C:/Projekte/Infineon_Dave/eHaJo/FlapFlap/Libraries/XMCLib/inc\xmc_prng.h **** /**
   3:C:/Projekte/Infineon_Dave/eHaJo/FlapFlap/Libraries/XMCLib/inc\xmc_prng.h ****  * @file xmc_prng.h
   4:C:/Projekte/Infineon_Dave/eHaJo/FlapFlap/Libraries/XMCLib/inc\xmc_prng.h ****  * @date 2015-06-20
   5:C:/Projekte/Infineon_Dave/eHaJo/FlapFlap/Libraries/XMCLib/inc\xmc_prng.h ****  *
   6:C:/Projekte/Infineon_Dave/eHaJo/FlapFlap/Libraries/XMCLib/inc\xmc_prng.h ****  * @cond
   7:C:/Projekte/Infineon_Dave/eHaJo/FlapFlap/Libraries/XMCLib/inc\xmc_prng.h ****  **************************************************************************************************
   8:C:/Projekte/Infineon_Dave/eHaJo/FlapFlap/Libraries/XMCLib/inc\xmc_prng.h ****  * XMClib v2.1.16 - XMC Peripheral Driver Library 
   9:C:/Projekte/Infineon_Dave/eHaJo/FlapFlap/Libraries/XMCLib/inc\xmc_prng.h ****  *
  10:C:/Projekte/Infineon_Dave/eHaJo/FlapFlap/Libraries/XMCLib/inc\xmc_prng.h ****  * Copyright (c) 2015-2017, Infineon Technologies AG
  11:C:/Projekte/Infineon_Dave/eHaJo/FlapFlap/Libraries/XMCLib/inc\xmc_prng.h ****  * All rights reserved.                        
  12:C:/Projekte/Infineon_Dave/eHaJo/FlapFlap/Libraries/XMCLib/inc\xmc_prng.h ****  *                                             
  13:C:/Projekte/Infineon_Dave/eHaJo/FlapFlap/Libraries/XMCLib/inc\xmc_prng.h ****  * Redistribution and use in source and binary forms, with or without modification,are permitted pr
  14:C:/Projekte/Infineon_Dave/eHaJo/FlapFlap/Libraries/XMCLib/inc\xmc_prng.h ****  * following conditions are met:   
  15:C:/Projekte/Infineon_Dave/eHaJo/FlapFlap/Libraries/XMCLib/inc\xmc_prng.h ****  *                                                                              
  16:C:/Projekte/Infineon_Dave/eHaJo/FlapFlap/Libraries/XMCLib/inc\xmc_prng.h ****  * Redistributions of source code must retain the above copyright notice, this list of conditions a
  17:C:/Projekte/Infineon_Dave/eHaJo/FlapFlap/Libraries/XMCLib/inc\xmc_prng.h ****  * disclaimer.                        
  18:C:/Projekte/Infineon_Dave/eHaJo/FlapFlap/Libraries/XMCLib/inc\xmc_prng.h ****  * 
  19:C:/Projekte/Infineon_Dave/eHaJo/FlapFlap/Libraries/XMCLib/inc\xmc_prng.h ****  * Redistributions in binary form must reproduce the above copyright notice, this list of condition
  20:C:/Projekte/Infineon_Dave/eHaJo/FlapFlap/Libraries/XMCLib/inc\xmc_prng.h ****  * disclaimer in the documentation and/or other materials provided with the distribution.          
  21:C:/Projekte/Infineon_Dave/eHaJo/FlapFlap/Libraries/XMCLib/inc\xmc_prng.h ****  * 
  22:C:/Projekte/Infineon_Dave/eHaJo/FlapFlap/Libraries/XMCLib/inc\xmc_prng.h ****  * Neither the name of the copyright holders nor the names of its contributors may be used to endor
  23:C:/Projekte/Infineon_Dave/eHaJo/FlapFlap/Libraries/XMCLib/inc\xmc_prng.h ****  * products derived from this software without specific prior written permission.                  
  24:C:/Projekte/Infineon_Dave/eHaJo/FlapFlap/Libraries/XMCLib/inc\xmc_prng.h ****  *                                                                              
  25:C:/Projekte/Infineon_Dave/eHaJo/FlapFlap/Libraries/XMCLib/inc\xmc_prng.h ****  * THIS SOFTWARE IS PROVIDED BY THE COPYRIGHT HOLDERS AND CONTRIBUTORS "AS IS" AND ANY EXPRESS OR I
  26:C:/Projekte/Infineon_Dave/eHaJo/FlapFlap/Libraries/XMCLib/inc\xmc_prng.h ****  * INCLUDING, BUT NOT LIMITED TO, THE IMPLIED WARRANTIES OF MERCHANTABILITY AND FITNESS FOR A PARTI
  27:C:/Projekte/Infineon_Dave/eHaJo/FlapFlap/Libraries/XMCLib/inc\xmc_prng.h ****  * DISCLAIMED. IN NO EVENT SHALL THE COPYRIGHT HOLDER OR CONTRIBUTORS BE LIABLE  FOR ANY DIRECT, IN
  28:C:/Projekte/Infineon_Dave/eHaJo/FlapFlap/Libraries/XMCLib/inc\xmc_prng.h ****  * SPECIAL, EXEMPLARY, OR CONSEQUENTIAL DAMAGES (INCLUDING, BUT NOT LIMITED TO, PROCUREMENT OF SUBS
  29:C:/Projekte/Infineon_Dave/eHaJo/FlapFlap/Libraries/XMCLib/inc\xmc_prng.h ****  * SERVICES; LOSS OF USE, DATA, OR PROFITS; OR BUSINESS INTERRUPTION) HOWEVER CAUSED AND ON ANY THE
  30:C:/Projekte/Infineon_Dave/eHaJo/FlapFlap/Libraries/XMCLib/inc\xmc_prng.h ****  * WHETHER IN CONTRACT, STRICT LIABILITY,OR TORT (INCLUDING NEGLIGENCE OR OTHERWISE) ARISING IN ANY
  31:C:/Projekte/Infineon_Dave/eHaJo/FlapFlap/Libraries/XMCLib/inc\xmc_prng.h ****  * OF THIS SOFTWARE, EVEN IF ADVISED OF THE POSSIBILITY OF SUCH DAMAGE.                            
  32:C:/Projekte/Infineon_Dave/eHaJo/FlapFlap/Libraries/XMCLib/inc\xmc_prng.h ****  *                                                                              
  33:C:/Projekte/Infineon_Dave/eHaJo/FlapFlap/Libraries/XMCLib/inc\xmc_prng.h ****  * To improve the quality of the software, users are encouraged to share modifications, enhancement
  34:C:/Projekte/Infineon_Dave/eHaJo/FlapFlap/Libraries/XMCLib/inc\xmc_prng.h ****  * Infineon Technologies AG dave@infineon.com).                                                    
  35:C:/Projekte/Infineon_Dave/eHaJo/FlapFlap/Libraries/XMCLib/inc\xmc_prng.h ****  **************************************************************************************************
  36:C:/Projekte/Infineon_Dave/eHaJo/FlapFlap/Libraries/XMCLib/inc\xmc_prng.h ****  *
  37:C:/Projekte/Infineon_Dave/eHaJo/FlapFlap/Libraries/XMCLib/inc\xmc_prng.h ****  * Change History
  38:C:/Projekte/Infineon_Dave/eHaJo/FlapFlap/Libraries/XMCLib/inc\xmc_prng.h ****  * --------------
  39:C:/Projekte/Infineon_Dave/eHaJo/FlapFlap/Libraries/XMCLib/inc\xmc_prng.h ****  *
  40:C:/Projekte/Infineon_Dave/eHaJo/FlapFlap/Libraries/XMCLib/inc\xmc_prng.h ****  * 2015-02-20:
  41:C:/Projekte/Infineon_Dave/eHaJo/FlapFlap/Libraries/XMCLib/inc\xmc_prng.h ****  *     - Initial <br>
  42:C:/Projekte/Infineon_Dave/eHaJo/FlapFlap/Libraries/XMCLib/inc\xmc_prng.h ****  *     - Documentation updates <br>
  43:C:/Projekte/Infineon_Dave/eHaJo/FlapFlap/Libraries/XMCLib/inc\xmc_prng.h ****  *
  44:C:/Projekte/Infineon_Dave/eHaJo/FlapFlap/Libraries/XMCLib/inc\xmc_prng.h ****  * 2015-06-20:
  45:C:/Projekte/Infineon_Dave/eHaJo/FlapFlap/Libraries/XMCLib/inc\xmc_prng.h ****  *     - Removed version macros and declaration of GetDriverVersion API <br>
  46:C:/Projekte/Infineon_Dave/eHaJo/FlapFlap/Libraries/XMCLib/inc\xmc_prng.h ****  *
  47:C:/Projekte/Infineon_Dave/eHaJo/FlapFlap/Libraries/XMCLib/inc\xmc_prng.h ****  * @endcond
  48:C:/Projekte/Infineon_Dave/eHaJo/FlapFlap/Libraries/XMCLib/inc\xmc_prng.h ****  */
  49:C:/Projekte/Infineon_Dave/eHaJo/FlapFlap/Libraries/XMCLib/inc\xmc_prng.h ****  
  50:C:/Projekte/Infineon_Dave/eHaJo/FlapFlap/Libraries/XMCLib/inc\xmc_prng.h **** #ifndef XMC_PRNG_H
  51:C:/Projekte/Infineon_Dave/eHaJo/FlapFlap/Libraries/XMCLib/inc\xmc_prng.h **** #define XMC_PRNG_H
  52:C:/Projekte/Infineon_Dave/eHaJo/FlapFlap/Libraries/XMCLib/inc\xmc_prng.h **** 
  53:C:/Projekte/Infineon_Dave/eHaJo/FlapFlap/Libraries/XMCLib/inc\xmc_prng.h **** /**************************************************************************************************
  54:C:/Projekte/Infineon_Dave/eHaJo/FlapFlap/Libraries/XMCLib/inc\xmc_prng.h ****  * HEADER FILES
  55:C:/Projekte/Infineon_Dave/eHaJo/FlapFlap/Libraries/XMCLib/inc\xmc_prng.h ****  **************************************************************************************************
  56:C:/Projekte/Infineon_Dave/eHaJo/FlapFlap/Libraries/XMCLib/inc\xmc_prng.h **** 
  57:C:/Projekte/Infineon_Dave/eHaJo/FlapFlap/Libraries/XMCLib/inc\xmc_prng.h **** #include "xmc_common.h"
  58:C:/Projekte/Infineon_Dave/eHaJo/FlapFlap/Libraries/XMCLib/inc\xmc_prng.h **** 
  59:C:/Projekte/Infineon_Dave/eHaJo/FlapFlap/Libraries/XMCLib/inc\xmc_prng.h **** #if defined (PRNG) 
  60:C:/Projekte/Infineon_Dave/eHaJo/FlapFlap/Libraries/XMCLib/inc\xmc_prng.h **** 
  61:C:/Projekte/Infineon_Dave/eHaJo/FlapFlap/Libraries/XMCLib/inc\xmc_prng.h **** /**
  62:C:/Projekte/Infineon_Dave/eHaJo/FlapFlap/Libraries/XMCLib/inc\xmc_prng.h ****  * @addtogroup XMClib XMC Peripheral Library
  63:C:/Projekte/Infineon_Dave/eHaJo/FlapFlap/Libraries/XMCLib/inc\xmc_prng.h ****  * @{
  64:C:/Projekte/Infineon_Dave/eHaJo/FlapFlap/Libraries/XMCLib/inc\xmc_prng.h ****  */
  65:C:/Projekte/Infineon_Dave/eHaJo/FlapFlap/Libraries/XMCLib/inc\xmc_prng.h **** 
  66:C:/Projekte/Infineon_Dave/eHaJo/FlapFlap/Libraries/XMCLib/inc\xmc_prng.h **** /**
  67:C:/Projekte/Infineon_Dave/eHaJo/FlapFlap/Libraries/XMCLib/inc\xmc_prng.h ****  * @addtogroup PRNG
  68:C:/Projekte/Infineon_Dave/eHaJo/FlapFlap/Libraries/XMCLib/inc\xmc_prng.h ****  * @brief Pseudo Random Number Generator (PRNG) driver for XMC1000 microcontroller family
  69:C:/Projekte/Infineon_Dave/eHaJo/FlapFlap/Libraries/XMCLib/inc\xmc_prng.h ****  *
  70:C:/Projekte/Infineon_Dave/eHaJo/FlapFlap/Libraries/XMCLib/inc\xmc_prng.h ****  * The pseudo random bit generator (PRNG) provides random data with fast generation times.
  71:C:/Projekte/Infineon_Dave/eHaJo/FlapFlap/Libraries/XMCLib/inc\xmc_prng.h ****  * PRNG has to be initialized by the user software before use. The initialization consists
  72:C:/Projekte/Infineon_Dave/eHaJo/FlapFlap/Libraries/XMCLib/inc\xmc_prng.h ****  * of two basic phases: key-loading and warm-up.
  73:C:/Projekte/Infineon_Dave/eHaJo/FlapFlap/Libraries/XMCLib/inc\xmc_prng.h ****  *  
  74:C:/Projekte/Infineon_Dave/eHaJo/FlapFlap/Libraries/XMCLib/inc\xmc_prng.h ****  * The PRNG low level driver provides functions to configure and initialize the PRNG hardware
  75:C:/Projekte/Infineon_Dave/eHaJo/FlapFlap/Libraries/XMCLib/inc\xmc_prng.h ****  * peripheral.
  76:C:/Projekte/Infineon_Dave/eHaJo/FlapFlap/Libraries/XMCLib/inc\xmc_prng.h ****  * @{
  77:C:/Projekte/Infineon_Dave/eHaJo/FlapFlap/Libraries/XMCLib/inc\xmc_prng.h ****  */  
  78:C:/Projekte/Infineon_Dave/eHaJo/FlapFlap/Libraries/XMCLib/inc\xmc_prng.h **** 
  79:C:/Projekte/Infineon_Dave/eHaJo/FlapFlap/Libraries/XMCLib/inc\xmc_prng.h **** /**************************************************************************************************
  80:C:/Projekte/Infineon_Dave/eHaJo/FlapFlap/Libraries/XMCLib/inc\xmc_prng.h ****  * MACROS
  81:C:/Projekte/Infineon_Dave/eHaJo/FlapFlap/Libraries/XMCLib/inc\xmc_prng.h ****  **************************************************************************************************
  82:C:/Projekte/Infineon_Dave/eHaJo/FlapFlap/Libraries/XMCLib/inc\xmc_prng.h ****  
  83:C:/Projekte/Infineon_Dave/eHaJo/FlapFlap/Libraries/XMCLib/inc\xmc_prng.h **** /**
  84:C:/Projekte/Infineon_Dave/eHaJo/FlapFlap/Libraries/XMCLib/inc\xmc_prng.h ****  * Byte mask value for random data block size
  85:C:/Projekte/Infineon_Dave/eHaJo/FlapFlap/Libraries/XMCLib/inc\xmc_prng.h ****  */ 
  86:C:/Projekte/Infineon_Dave/eHaJo/FlapFlap/Libraries/XMCLib/inc\xmc_prng.h **** #define XMC_PRNG_RDBS_BYTE_READ_MASK (0x00FFU)
  87:C:/Projekte/Infineon_Dave/eHaJo/FlapFlap/Libraries/XMCLib/inc\xmc_prng.h **** 
  88:C:/Projekte/Infineon_Dave/eHaJo/FlapFlap/Libraries/XMCLib/inc\xmc_prng.h **** /**************************************************************************************************
  89:C:/Projekte/Infineon_Dave/eHaJo/FlapFlap/Libraries/XMCLib/inc\xmc_prng.h ****  * ENUMS
  90:C:/Projekte/Infineon_Dave/eHaJo/FlapFlap/Libraries/XMCLib/inc\xmc_prng.h ****  **************************************************************************************************
  91:C:/Projekte/Infineon_Dave/eHaJo/FlapFlap/Libraries/XMCLib/inc\xmc_prng.h **** 
  92:C:/Projekte/Infineon_Dave/eHaJo/FlapFlap/Libraries/XMCLib/inc\xmc_prng.h **** /**
  93:C:/Projekte/Infineon_Dave/eHaJo/FlapFlap/Libraries/XMCLib/inc\xmc_prng.h ****  * PRNG key load operation modes
  94:C:/Projekte/Infineon_Dave/eHaJo/FlapFlap/Libraries/XMCLib/inc\xmc_prng.h ****  */
  95:C:/Projekte/Infineon_Dave/eHaJo/FlapFlap/Libraries/XMCLib/inc\xmc_prng.h **** typedef enum XMC_PRNG_KEY_LOAD_OP_MODE {
  96:C:/Projekte/Infineon_Dave/eHaJo/FlapFlap/Libraries/XMCLib/inc\xmc_prng.h ****   XMC_PRNG_STRM_MODE = 0U, /**< Streaming mode (default) */
  97:C:/Projekte/Infineon_Dave/eHaJo/FlapFlap/Libraries/XMCLib/inc\xmc_prng.h ****   XMC_PRNG_KLD_MODE  = 1U  /**< Loading mode */
  98:C:/Projekte/Infineon_Dave/eHaJo/FlapFlap/Libraries/XMCLib/inc\xmc_prng.h **** } XMC_PRNG_KEY_LOAD_OP_MODE_t;
  99:C:/Projekte/Infineon_Dave/eHaJo/FlapFlap/Libraries/XMCLib/inc\xmc_prng.h **** 
 100:C:/Projekte/Infineon_Dave/eHaJo/FlapFlap/Libraries/XMCLib/inc\xmc_prng.h **** /**
 101:C:/Projekte/Infineon_Dave/eHaJo/FlapFlap/Libraries/XMCLib/inc\xmc_prng.h ****  * PRNG data block size
 102:C:/Projekte/Infineon_Dave/eHaJo/FlapFlap/Libraries/XMCLib/inc\xmc_prng.h ****  */
 103:C:/Projekte/Infineon_Dave/eHaJo/FlapFlap/Libraries/XMCLib/inc\xmc_prng.h **** typedef enum XMC_PRNG_DATA_BLOCK_SIZE {
 104:C:/Projekte/Infineon_Dave/eHaJo/FlapFlap/Libraries/XMCLib/inc\xmc_prng.h ****   XMC_PRNG_RDBS_RESET = 0U, /**< Reset state (no random data block size defined) */
 105:C:/Projekte/Infineon_Dave/eHaJo/FlapFlap/Libraries/XMCLib/inc\xmc_prng.h ****   XMC_PRNG_RDBS_BYTE  = 1U, /**< BYTE (8-bit) */
 106:C:/Projekte/Infineon_Dave/eHaJo/FlapFlap/Libraries/XMCLib/inc\xmc_prng.h ****   XMC_PRNG_RDBS_WORD  = 2U  /**< WORD (16-bit) */
 107:C:/Projekte/Infineon_Dave/eHaJo/FlapFlap/Libraries/XMCLib/inc\xmc_prng.h **** } XMC_PRNG_DATA_BLOCK_SIZE_t;
 108:C:/Projekte/Infineon_Dave/eHaJo/FlapFlap/Libraries/XMCLib/inc\xmc_prng.h **** 
 109:C:/Projekte/Infineon_Dave/eHaJo/FlapFlap/Libraries/XMCLib/inc\xmc_prng.h **** /**
 110:C:/Projekte/Infineon_Dave/eHaJo/FlapFlap/Libraries/XMCLib/inc\xmc_prng.h ****  * PRNG driver initialization status
 111:C:/Projekte/Infineon_Dave/eHaJo/FlapFlap/Libraries/XMCLib/inc\xmc_prng.h ****  */
 112:C:/Projekte/Infineon_Dave/eHaJo/FlapFlap/Libraries/XMCLib/inc\xmc_prng.h **** typedef enum XMC_PRNG_INIT_STATUS {
 113:C:/Projekte/Infineon_Dave/eHaJo/FlapFlap/Libraries/XMCLib/inc\xmc_prng.h ****   XMC_PRNG_NOT_INITIALIZED = 0U, /**< Reset state or Non-initialized state (Same as XMC_PRNG_RDBS_R
 114:C:/Projekte/Infineon_Dave/eHaJo/FlapFlap/Libraries/XMCLib/inc\xmc_prng.h ****   XMC_PRNG_INITIALIZED     = 1U  /**< Initialized state */
 115:C:/Projekte/Infineon_Dave/eHaJo/FlapFlap/Libraries/XMCLib/inc\xmc_prng.h **** } XMC_PRNG_INIT_STATUS_t;
 116:C:/Projekte/Infineon_Dave/eHaJo/FlapFlap/Libraries/XMCLib/inc\xmc_prng.h **** 
 117:C:/Projekte/Infineon_Dave/eHaJo/FlapFlap/Libraries/XMCLib/inc\xmc_prng.h **** /**************************************************************************************************
 118:C:/Projekte/Infineon_Dave/eHaJo/FlapFlap/Libraries/XMCLib/inc\xmc_prng.h ****  * DATA STRUCTURES
 119:C:/Projekte/Infineon_Dave/eHaJo/FlapFlap/Libraries/XMCLib/inc\xmc_prng.h ****  **************************************************************************************************
 120:C:/Projekte/Infineon_Dave/eHaJo/FlapFlap/Libraries/XMCLib/inc\xmc_prng.h **** 
 121:C:/Projekte/Infineon_Dave/eHaJo/FlapFlap/Libraries/XMCLib/inc\xmc_prng.h **** /**
 122:C:/Projekte/Infineon_Dave/eHaJo/FlapFlap/Libraries/XMCLib/inc\xmc_prng.h ****  * Key words and data block size configuration values of PRNG <br>
 123:C:/Projekte/Infineon_Dave/eHaJo/FlapFlap/Libraries/XMCLib/inc\xmc_prng.h ****  *
 124:C:/Projekte/Infineon_Dave/eHaJo/FlapFlap/Libraries/XMCLib/inc\xmc_prng.h ****  * The structure presents a convenient way to set/obtain the key word and data block configuration
 125:C:/Projekte/Infineon_Dave/eHaJo/FlapFlap/Libraries/XMCLib/inc\xmc_prng.h ****  * values of PRNG.
 126:C:/Projekte/Infineon_Dave/eHaJo/FlapFlap/Libraries/XMCLib/inc\xmc_prng.h ****  * The XMC_PRNG_Init() can be used to populate the structure with the key word and data block
 127:C:/Projekte/Infineon_Dave/eHaJo/FlapFlap/Libraries/XMCLib/inc\xmc_prng.h ****  * configuration values of the PRNG module.
 128:C:/Projekte/Infineon_Dave/eHaJo/FlapFlap/Libraries/XMCLib/inc\xmc_prng.h ****  */ 
 129:C:/Projekte/Infineon_Dave/eHaJo/FlapFlap/Libraries/XMCLib/inc\xmc_prng.h **** typedef struct XMC_PRNG_INIT
 130:C:/Projekte/Infineon_Dave/eHaJo/FlapFlap/Libraries/XMCLib/inc\xmc_prng.h **** {
 131:C:/Projekte/Infineon_Dave/eHaJo/FlapFlap/Libraries/XMCLib/inc\xmc_prng.h ****   uint16_t key_words[5];                 /**< Keywords */
 132:C:/Projekte/Infineon_Dave/eHaJo/FlapFlap/Libraries/XMCLib/inc\xmc_prng.h ****   XMC_PRNG_DATA_BLOCK_SIZE_t block_size; /**< Block size */
 133:C:/Projekte/Infineon_Dave/eHaJo/FlapFlap/Libraries/XMCLib/inc\xmc_prng.h **** } XMC_PRNG_INIT_t;
 134:C:/Projekte/Infineon_Dave/eHaJo/FlapFlap/Libraries/XMCLib/inc\xmc_prng.h **** 
 135:C:/Projekte/Infineon_Dave/eHaJo/FlapFlap/Libraries/XMCLib/inc\xmc_prng.h **** /**************************************************************************************************
 136:C:/Projekte/Infineon_Dave/eHaJo/FlapFlap/Libraries/XMCLib/inc\xmc_prng.h ****  * API PROTOTYPES
 137:C:/Projekte/Infineon_Dave/eHaJo/FlapFlap/Libraries/XMCLib/inc\xmc_prng.h ****  **************************************************************************************************
 138:C:/Projekte/Infineon_Dave/eHaJo/FlapFlap/Libraries/XMCLib/inc\xmc_prng.h **** 
 139:C:/Projekte/Infineon_Dave/eHaJo/FlapFlap/Libraries/XMCLib/inc\xmc_prng.h **** #ifdef __cplusplus
 140:C:/Projekte/Infineon_Dave/eHaJo/FlapFlap/Libraries/XMCLib/inc\xmc_prng.h **** extern "C" {
 141:C:/Projekte/Infineon_Dave/eHaJo/FlapFlap/Libraries/XMCLib/inc\xmc_prng.h **** #endif
 142:C:/Projekte/Infineon_Dave/eHaJo/FlapFlap/Libraries/XMCLib/inc\xmc_prng.h **** 
 143:C:/Projekte/Infineon_Dave/eHaJo/FlapFlap/Libraries/XMCLib/inc\xmc_prng.h **** /**
 144:C:/Projekte/Infineon_Dave/eHaJo/FlapFlap/Libraries/XMCLib/inc\xmc_prng.h ****  * @param prng Pointer to a constant instance of ::XMC_PRNG_INIT_t, pointing to
 145:C:/Projekte/Infineon_Dave/eHaJo/FlapFlap/Libraries/XMCLib/inc\xmc_prng.h ****  *             the initialization configuration.
 146:C:/Projekte/Infineon_Dave/eHaJo/FlapFlap/Libraries/XMCLib/inc\xmc_prng.h ****  * @return XMC_PRNG_INIT_STATUS_t XMC_PRNG_INITIALIZED if initialized,
 147:C:/Projekte/Infineon_Dave/eHaJo/FlapFlap/Libraries/XMCLib/inc\xmc_prng.h ****  *                                XMC_PRNG_NOT_INITIALIZED otherwise.
 148:C:/Projekte/Infineon_Dave/eHaJo/FlapFlap/Libraries/XMCLib/inc\xmc_prng.h ****  *
 149:C:/Projekte/Infineon_Dave/eHaJo/FlapFlap/Libraries/XMCLib/inc\xmc_prng.h ****  * \par<b>Description: </b><br>
 150:C:/Projekte/Infineon_Dave/eHaJo/FlapFlap/Libraries/XMCLib/inc\xmc_prng.h ****  * Initialize the PRNG peripheral with the configured key words and block size <br>
 151:C:/Projekte/Infineon_Dave/eHaJo/FlapFlap/Libraries/XMCLib/inc\xmc_prng.h ****  *
 152:C:/Projekte/Infineon_Dave/eHaJo/FlapFlap/Libraries/XMCLib/inc\xmc_prng.h ****  * \par
 153:C:/Projekte/Infineon_Dave/eHaJo/FlapFlap/Libraries/XMCLib/inc\xmc_prng.h ****  * The function configures block size for key loading mode, enables key loading mode,
 154:C:/Projekte/Infineon_Dave/eHaJo/FlapFlap/Libraries/XMCLib/inc\xmc_prng.h ****  * loads key words (80 bits) and wait till RDV is set, enables the streaming mode and
 155:C:/Projekte/Infineon_Dave/eHaJo/FlapFlap/Libraries/XMCLib/inc\xmc_prng.h ****  * waits for warmup phase. This function programmes the CTRL and WORD registers. 
 156:C:/Projekte/Infineon_Dave/eHaJo/FlapFlap/Libraries/XMCLib/inc\xmc_prng.h ****  */
 157:C:/Projekte/Infineon_Dave/eHaJo/FlapFlap/Libraries/XMCLib/inc\xmc_prng.h **** XMC_PRNG_INIT_STATUS_t XMC_PRNG_Init(const XMC_PRNG_INIT_t *prng);
 158:C:/Projekte/Infineon_Dave/eHaJo/FlapFlap/Libraries/XMCLib/inc\xmc_prng.h **** 
 159:C:/Projekte/Infineon_Dave/eHaJo/FlapFlap/Libraries/XMCLib/inc\xmc_prng.h **** 
 160:C:/Projekte/Infineon_Dave/eHaJo/FlapFlap/Libraries/XMCLib/inc\xmc_prng.h **** 
 161:C:/Projekte/Infineon_Dave/eHaJo/FlapFlap/Libraries/XMCLib/inc\xmc_prng.h **** /**
 162:C:/Projekte/Infineon_Dave/eHaJo/FlapFlap/Libraries/XMCLib/inc\xmc_prng.h ****  * @param block_size Block size of type ::XMC_PRNG_DATA_BLOCK_SIZE_t for read access
 163:C:/Projekte/Infineon_Dave/eHaJo/FlapFlap/Libraries/XMCLib/inc\xmc_prng.h ****  * @return None
 164:C:/Projekte/Infineon_Dave/eHaJo/FlapFlap/Libraries/XMCLib/inc\xmc_prng.h ****  *
 165:C:/Projekte/Infineon_Dave/eHaJo/FlapFlap/Libraries/XMCLib/inc\xmc_prng.h ****  * \par<b>Description: </b><br>
 166:C:/Projekte/Infineon_Dave/eHaJo/FlapFlap/Libraries/XMCLib/inc\xmc_prng.h ****  * Programming Random Block Size <br>
 167:C:/Projekte/Infineon_Dave/eHaJo/FlapFlap/Libraries/XMCLib/inc\xmc_prng.h ****  *
 168:C:/Projekte/Infineon_Dave/eHaJo/FlapFlap/Libraries/XMCLib/inc\xmc_prng.h ****  * \par
 169:C:/Projekte/Infineon_Dave/eHaJo/FlapFlap/Libraries/XMCLib/inc\xmc_prng.h ****  * The function sets the random data block size as byte or word by programming CTRL.RDBS bitfield.
 170:C:/Projekte/Infineon_Dave/eHaJo/FlapFlap/Libraries/XMCLib/inc\xmc_prng.h ****  * block_size = 0 for Reset state, block_size = 1 for 'byte' and block_size = 2 for 'word'.
 171:C:/Projekte/Infineon_Dave/eHaJo/FlapFlap/Libraries/XMCLib/inc\xmc_prng.h ****  */
 172:C:/Projekte/Infineon_Dave/eHaJo/FlapFlap/Libraries/XMCLib/inc\xmc_prng.h **** __STATIC_INLINE void XMC_PRNG_SetRandomDataBlockSize(XMC_PRNG_DATA_BLOCK_SIZE_t block_size)
 173:C:/Projekte/Infineon_Dave/eHaJo/FlapFlap/Libraries/XMCLib/inc\xmc_prng.h **** {
 174:C:/Projekte/Infineon_Dave/eHaJo/FlapFlap/Libraries/XMCLib/inc\xmc_prng.h ****   PRNG->CTRL = (uint16_t)((PRNG->CTRL & (uint32_t)~PRNG_CTRL_RDBS_Msk) |
  41              	 .loc 2 174 0
  42 0004 1D4B     	 ldr r3,.L7
  43 0006 9A89     	 ldrh r2,[r3,#12]
  44 0008 0621     	 mov r1,#6
  45 000a 8A43     	 bic r2,r1
  46 000c 0239     	 sub r1,r1,#2
  47 000e 0A43     	 orr r2,r1
  48 0010 9A81     	 strh r2,[r3,#12]
  49              	.LBE15:
  50              	.LBE14:
  51              	.LBB16:
  52              	.LBB17:
 175:C:/Projekte/Infineon_Dave/eHaJo/FlapFlap/Libraries/XMCLib/inc\xmc_prng.h ****                           ((uint32_t)block_size << (uint32_t)PRNG_CTRL_RDBS_Pos));
 176:C:/Projekte/Infineon_Dave/eHaJo/FlapFlap/Libraries/XMCLib/inc\xmc_prng.h **** }
 177:C:/Projekte/Infineon_Dave/eHaJo/FlapFlap/Libraries/XMCLib/inc\xmc_prng.h **** 
 178:C:/Projekte/Infineon_Dave/eHaJo/FlapFlap/Libraries/XMCLib/inc\xmc_prng.h **** /**
 179:C:/Projekte/Infineon_Dave/eHaJo/FlapFlap/Libraries/XMCLib/inc\xmc_prng.h ****  * @return None
 180:C:/Projekte/Infineon_Dave/eHaJo/FlapFlap/Libraries/XMCLib/inc\xmc_prng.h ****  *
 181:C:/Projekte/Infineon_Dave/eHaJo/FlapFlap/Libraries/XMCLib/inc\xmc_prng.h ****  * \par<b>Description: </b><br>
 182:C:/Projekte/Infineon_Dave/eHaJo/FlapFlap/Libraries/XMCLib/inc\xmc_prng.h ****  * Checks the validity (CHK.RDV bit) of the generated random data <br>
 183:C:/Projekte/Infineon_Dave/eHaJo/FlapFlap/Libraries/XMCLib/inc\xmc_prng.h ****  *
 184:C:/Projekte/Infineon_Dave/eHaJo/FlapFlap/Libraries/XMCLib/inc\xmc_prng.h ****  * \par
 185:C:/Projekte/Infineon_Dave/eHaJo/FlapFlap/Libraries/XMCLib/inc\xmc_prng.h ****  * The function checks the validity (CHK.RDV bit) of the generated random data.
 186:C:/Projekte/Infineon_Dave/eHaJo/FlapFlap/Libraries/XMCLib/inc\xmc_prng.h ****  * In key loading mode, this value indicates if the next partial key word can be written
 187:C:/Projekte/Infineon_Dave/eHaJo/FlapFlap/Libraries/XMCLib/inc\xmc_prng.h ****  * to PRNG_WORD or not.
 188:C:/Projekte/Infineon_Dave/eHaJo/FlapFlap/Libraries/XMCLib/inc\xmc_prng.h ****  */
 189:C:/Projekte/Infineon_Dave/eHaJo/FlapFlap/Libraries/XMCLib/inc\xmc_prng.h **** __STATIC_INLINE uint16_t XMC_PRNG_CheckValidStatus(void)
 190:C:/Projekte/Infineon_Dave/eHaJo/FlapFlap/Libraries/XMCLib/inc\xmc_prng.h **** {
 191:C:/Projekte/Infineon_Dave/eHaJo/FlapFlap/Libraries/XMCLib/inc\xmc_prng.h ****   return (PRNG->CHK & PRNG_CHK_RDV_Msk);
 192:C:/Projekte/Infineon_Dave/eHaJo/FlapFlap/Libraries/XMCLib/inc\xmc_prng.h **** }
 193:C:/Projekte/Infineon_Dave/eHaJo/FlapFlap/Libraries/XMCLib/inc\xmc_prng.h **** 
 194:C:/Projekte/Infineon_Dave/eHaJo/FlapFlap/Libraries/XMCLib/inc\xmc_prng.h **** /**
 195:C:/Projekte/Infineon_Dave/eHaJo/FlapFlap/Libraries/XMCLib/inc\xmc_prng.h ****  * @return None
 196:C:/Projekte/Infineon_Dave/eHaJo/FlapFlap/Libraries/XMCLib/inc\xmc_prng.h ****  *
 197:C:/Projekte/Infineon_Dave/eHaJo/FlapFlap/Libraries/XMCLib/inc\xmc_prng.h ****  * \par<b>Description: </b><br>
 198:C:/Projekte/Infineon_Dave/eHaJo/FlapFlap/Libraries/XMCLib/inc\xmc_prng.h ****  * Enables the PRNG key loading mode <br>
 199:C:/Projekte/Infineon_Dave/eHaJo/FlapFlap/Libraries/XMCLib/inc\xmc_prng.h ****  *
 200:C:/Projekte/Infineon_Dave/eHaJo/FlapFlap/Libraries/XMCLib/inc\xmc_prng.h ****  * \par
 201:C:/Projekte/Infineon_Dave/eHaJo/FlapFlap/Libraries/XMCLib/inc\xmc_prng.h ****  * The function initializes the key loading by setting the bit CTRL.KLD. In this mode, Register WOR
 202:C:/Projekte/Infineon_Dave/eHaJo/FlapFlap/Libraries/XMCLib/inc\xmc_prng.h ****  * acts as always as a 16 bit destination register. After the complete key has been loaded, the CTR
 203:C:/Projekte/Infineon_Dave/eHaJo/FlapFlap/Libraries/XMCLib/inc\xmc_prng.h ****  * must be set to '0' to prepare the following warmup phase.
 204:C:/Projekte/Infineon_Dave/eHaJo/FlapFlap/Libraries/XMCLib/inc\xmc_prng.h ****  *
 205:C:/Projekte/Infineon_Dave/eHaJo/FlapFlap/Libraries/XMCLib/inc\xmc_prng.h ****  * \par<b>Related APIs:</b><br>
 206:C:/Projekte/Infineon_Dave/eHaJo/FlapFlap/Libraries/XMCLib/inc\xmc_prng.h ****  * XMC_PRNG_EnableStreamingMode()
 207:C:/Projekte/Infineon_Dave/eHaJo/FlapFlap/Libraries/XMCLib/inc\xmc_prng.h ****  */
 208:C:/Projekte/Infineon_Dave/eHaJo/FlapFlap/Libraries/XMCLib/inc\xmc_prng.h **** __STATIC_INLINE void XMC_PRNG_EnableKeyLoadingMode(void)
 209:C:/Projekte/Infineon_Dave/eHaJo/FlapFlap/Libraries/XMCLib/inc\xmc_prng.h **** {
 210:C:/Projekte/Infineon_Dave/eHaJo/FlapFlap/Libraries/XMCLib/inc\xmc_prng.h ****   PRNG->CTRL |= (uint16_t)PRNG_CTRL_KLD_Msk;
  53              	 .loc 2 210 0
  54 0012 9989     	 ldrh r1,[r3,#12]
  55 0014 0822     	 mov r2,#8
  56 0016 0A43     	 orr r2,r1
  57 0018 9A81     	 strh r2,[r3,#12]
  58              	.LVL2:
  59              	.LBE17:
  60              	.LBE16:
  64:../Libraries/XMCLib/src/xmc_prng.c ****   volatile uint16_t read_warm_up;
  65:../Libraries/XMCLib/src/xmc_prng.c ****   uint16_t reg_val, iter;
  66:../Libraries/XMCLib/src/xmc_prng.c ****   XMC_PRNG_INIT_STATUS_t status = XMC_PRNG_INITIALIZED;
  67:../Libraries/XMCLib/src/xmc_prng.c ****   
  68:../Libraries/XMCLib/src/xmc_prng.c ****   XMC_ASSERT("XMC_PRNG_Init:Null Pointer", (prng != (XMC_PRNG_INIT_t *)NULL));
  69:../Libraries/XMCLib/src/xmc_prng.c **** 
  70:../Libraries/XMCLib/src/xmc_prng.c ****   /* Configure block size for key loading mode */
  71:../Libraries/XMCLib/src/xmc_prng.c ****   XMC_PRNG_SetRandomDataBlockSize(XMC_PRNG_RDBS_WORD);
  72:../Libraries/XMCLib/src/xmc_prng.c **** 
  73:../Libraries/XMCLib/src/xmc_prng.c ****   /* Enable key loading mode */
  74:../Libraries/XMCLib/src/xmc_prng.c ****   XMC_PRNG_EnableKeyLoadingMode();
  75:../Libraries/XMCLib/src/xmc_prng.c **** 
  76:../Libraries/XMCLib/src/xmc_prng.c ****   /* Load key words (80 bits) and wait till RDV is set */
  77:../Libraries/XMCLib/src/xmc_prng.c ****   for (iter = (uint16_t)0UL; iter < (uint16_t)5UL; iter++)
  61              	 .loc 1 77 0
  62 001a 0022     	 mov r2,#0
  63 001c 09E0     	 b .L2
  64              	.LVL3:
  65              	.L4:
  78:../Libraries/XMCLib/src/xmc_prng.c ****   {
  79:../Libraries/XMCLib/src/xmc_prng.c ****     XMC_PRNG_LoadKeyWords(prng->key_words[iter]);
  66              	 .loc 1 79 0
  67 001e 5300     	 lsl r3,r2,#1
  68 0020 195A     	 ldrh r1,[r3,r0]
  69              	.LVL4:
  70              	.LBB18:
  71              	.LBB19:
 211:C:/Projekte/Infineon_Dave/eHaJo/FlapFlap/Libraries/XMCLib/inc\xmc_prng.h **** }
 212:C:/Projekte/Infineon_Dave/eHaJo/FlapFlap/Libraries/XMCLib/inc\xmc_prng.h **** 
 213:C:/Projekte/Infineon_Dave/eHaJo/FlapFlap/Libraries/XMCLib/inc\xmc_prng.h **** /**
 214:C:/Projekte/Infineon_Dave/eHaJo/FlapFlap/Libraries/XMCLib/inc\xmc_prng.h ****  * @return None
 215:C:/Projekte/Infineon_Dave/eHaJo/FlapFlap/Libraries/XMCLib/inc\xmc_prng.h ****  *
 216:C:/Projekte/Infineon_Dave/eHaJo/FlapFlap/Libraries/XMCLib/inc\xmc_prng.h ****  * \par<b>Description: </b><br>
 217:C:/Projekte/Infineon_Dave/eHaJo/FlapFlap/Libraries/XMCLib/inc\xmc_prng.h ****  * Enables the Streaming mode <br>
 218:C:/Projekte/Infineon_Dave/eHaJo/FlapFlap/Libraries/XMCLib/inc\xmc_prng.h ****  *
 219:C:/Projekte/Infineon_Dave/eHaJo/FlapFlap/Libraries/XMCLib/inc\xmc_prng.h ****  * \par
 220:C:/Projekte/Infineon_Dave/eHaJo/FlapFlap/Libraries/XMCLib/inc\xmc_prng.h ****  * The function enables the streaming mode and disables the PRNG key loading mode by resetting the
 221:C:/Projekte/Infineon_Dave/eHaJo/FlapFlap/Libraries/XMCLib/inc\xmc_prng.h ****  * CTRL.KLD bit. 
 222:C:/Projekte/Infineon_Dave/eHaJo/FlapFlap/Libraries/XMCLib/inc\xmc_prng.h ****  *
 223:C:/Projekte/Infineon_Dave/eHaJo/FlapFlap/Libraries/XMCLib/inc\xmc_prng.h ****  * \par<b>Related APIs:</b><br>
 224:C:/Projekte/Infineon_Dave/eHaJo/FlapFlap/Libraries/XMCLib/inc\xmc_prng.h ****  * XMC_PRNG_EnableKeyLoadingMode()
 225:C:/Projekte/Infineon_Dave/eHaJo/FlapFlap/Libraries/XMCLib/inc\xmc_prng.h ****  */
 226:C:/Projekte/Infineon_Dave/eHaJo/FlapFlap/Libraries/XMCLib/inc\xmc_prng.h **** __STATIC_INLINE void XMC_PRNG_EnableStreamingMode(void)
 227:C:/Projekte/Infineon_Dave/eHaJo/FlapFlap/Libraries/XMCLib/inc\xmc_prng.h **** {
 228:C:/Projekte/Infineon_Dave/eHaJo/FlapFlap/Libraries/XMCLib/inc\xmc_prng.h ****   PRNG->CTRL &= (uint16_t)~PRNG_CTRL_KLD_Msk;
 229:C:/Projekte/Infineon_Dave/eHaJo/FlapFlap/Libraries/XMCLib/inc\xmc_prng.h **** }
 230:C:/Projekte/Infineon_Dave/eHaJo/FlapFlap/Libraries/XMCLib/inc\xmc_prng.h **** 
 231:C:/Projekte/Infineon_Dave/eHaJo/FlapFlap/Libraries/XMCLib/inc\xmc_prng.h **** /**
 232:C:/Projekte/Infineon_Dave/eHaJo/FlapFlap/Libraries/XMCLib/inc\xmc_prng.h ****  * @param key Key word to load into PRNG WORD register
 233:C:/Projekte/Infineon_Dave/eHaJo/FlapFlap/Libraries/XMCLib/inc\xmc_prng.h ****  * @return None
 234:C:/Projekte/Infineon_Dave/eHaJo/FlapFlap/Libraries/XMCLib/inc\xmc_prng.h ****  *
 235:C:/Projekte/Infineon_Dave/eHaJo/FlapFlap/Libraries/XMCLib/inc\xmc_prng.h ****  * \par<b>Description: </b><br>
 236:C:/Projekte/Infineon_Dave/eHaJo/FlapFlap/Libraries/XMCLib/inc\xmc_prng.h ****  * Loads a partial key word to the PRNG WORD register <br>
 237:C:/Projekte/Infineon_Dave/eHaJo/FlapFlap/Libraries/XMCLib/inc\xmc_prng.h ****  *
 238:C:/Projekte/Infineon_Dave/eHaJo/FlapFlap/Libraries/XMCLib/inc\xmc_prng.h ****  * \par
 239:C:/Projekte/Infineon_Dave/eHaJo/FlapFlap/Libraries/XMCLib/inc\xmc_prng.h ****  * The function loads partial key word to WORD registr. These partial
 240:C:/Projekte/Infineon_Dave/eHaJo/FlapFlap/Libraries/XMCLib/inc\xmc_prng.h ****  * words are sequentially written and loading a key word will take 16 clock
 241:C:/Projekte/Infineon_Dave/eHaJo/FlapFlap/Libraries/XMCLib/inc\xmc_prng.h ****  * cycles. The CHK.RDV bit is set to '0' while loading is in progress. '1' indicates
 242:C:/Projekte/Infineon_Dave/eHaJo/FlapFlap/Libraries/XMCLib/inc\xmc_prng.h ****  * that the next partial key word can be written to WORD register. 
 243:C:/Projekte/Infineon_Dave/eHaJo/FlapFlap/Libraries/XMCLib/inc\xmc_prng.h ****  */
 244:C:/Projekte/Infineon_Dave/eHaJo/FlapFlap/Libraries/XMCLib/inc\xmc_prng.h **** __STATIC_INLINE void XMC_PRNG_LoadKeyWords(uint16_t key)
 245:C:/Projekte/Infineon_Dave/eHaJo/FlapFlap/Libraries/XMCLib/inc\xmc_prng.h **** {
 246:C:/Projekte/Infineon_Dave/eHaJo/FlapFlap/Libraries/XMCLib/inc\xmc_prng.h ****   PRNG->WORD = key;
  72              	 .loc 2 246 0
  73 0022 164B     	 ldr r3,.L7
  74 0024 1980     	 strh r1,[r3]
  75              	.L3:
  76              	.LBE19:
  77              	.LBE18:
  78              	.LBB20:
  79              	.LBB21:
 191:C:/Projekte/Infineon_Dave/eHaJo/FlapFlap/Libraries/XMCLib/inc\xmc_prng.h **** }
  80              	 .loc 2 191 0 discriminator 1
  81 0026 154B     	 ldr r3,.L7
  82 0028 9B88     	 ldrh r3,[r3,#4]
  83              	.LBE21:
  84              	.LBE20:
  80:../Libraries/XMCLib/src/xmc_prng.c ****     while (PRNG_CHK_RDV_Msk != XMC_PRNG_CheckValidStatus());
  85              	 .loc 1 80 0 discriminator 1
  86 002a DB07     	 lsl r3,r3,#31
  87 002c FBD5     	 bpl .L3
  77:../Libraries/XMCLib/src/xmc_prng.c ****   {
  88              	 .loc 1 77 0 discriminator 2
  89 002e 0132     	 add r2,r2,#1
  90              	.LVL5:
  91 0030 92B2     	 uxth r2,r2
  92              	.LVL6:
  93              	.L2:
  77:../Libraries/XMCLib/src/xmc_prng.c ****   {
  94              	 .loc 1 77 0 is_stmt 0 discriminator 1
  95 0032 042A     	 cmp r2,#4
  96 0034 F3D9     	 bls .L4
  97              	.LBB22:
  98              	.LBB23:
 228:C:/Projekte/Infineon_Dave/eHaJo/FlapFlap/Libraries/XMCLib/inc\xmc_prng.h **** }
  99              	 .loc 2 228 0 is_stmt 1
 100 0036 114B     	 ldr r3,.L7
 101 0038 9A89     	 ldrh r2,[r3,#12]
 102              	.LVL7:
 103 003a 0821     	 mov r1,#8
 104 003c 8A43     	 bic r2,r1
 105 003e 9A81     	 strh r2,[r3,#12]
 106              	.LBE23:
 107              	.LBE22:
  81:../Libraries/XMCLib/src/xmc_prng.c ****   }
  82:../Libraries/XMCLib/src/xmc_prng.c ****   
  83:../Libraries/XMCLib/src/xmc_prng.c ****   XMC_PRNG_EnableStreamingMode();
  84:../Libraries/XMCLib/src/xmc_prng.c **** 
  85:../Libraries/XMCLib/src/xmc_prng.c ****   /* Warm up phase: Read and discard 64 bits */
  86:../Libraries/XMCLib/src/xmc_prng.c ****   read_warm_up = PRNG->WORD;
 108              	 .loc 1 86 0
 109 0040 1988     	 ldrh r1,[r3]
 110 0042 89B2     	 uxth r1,r1
 111 0044 6A46     	 mov r2,sp
 112 0046 D180     	 strh r1,[r2,#6]
  87:../Libraries/XMCLib/src/xmc_prng.c ****   read_warm_up = PRNG->WORD;
 113              	 .loc 1 87 0
 114 0048 1988     	 ldrh r1,[r3]
 115 004a 89B2     	 uxth r1,r1
 116 004c D180     	 strh r1,[r2,#6]
  88:../Libraries/XMCLib/src/xmc_prng.c ****   read_warm_up = PRNG->WORD;
 117              	 .loc 1 88 0
 118 004e 1988     	 ldrh r1,[r3]
 119 0050 89B2     	 uxth r1,r1
 120 0052 D180     	 strh r1,[r2,#6]
  89:../Libraries/XMCLib/src/xmc_prng.c ****   reg_val      = PRNG->WORD;
 121              	 .loc 1 89 0
 122 0054 1988     	 ldrh r1,[r3]
 123              	.LVL8:
  90:../Libraries/XMCLib/src/xmc_prng.c ****   read_warm_up &= reg_val;
 124              	 .loc 1 90 0
 125 0056 D488     	 ldrh r4,[r2,#6]
 126 0058 2140     	 and r1,r4
 127              	.LVL9:
 128 005a D180     	 strh r1,[r2,#6]
  91:../Libraries/XMCLib/src/xmc_prng.c **** 
  92:../Libraries/XMCLib/src/xmc_prng.c ****   /* Configure block size either byte (8 bit) or word (16 bit) */
  93:../Libraries/XMCLib/src/xmc_prng.c ****   XMC_PRNG_SetRandomDataBlockSize(prng->block_size);
 129              	 .loc 1 93 0
 130 005c 827A     	 ldrb r2,[r0,#10]
 131              	.LVL10:
 132              	.LBB24:
 133              	.LBB25:
 174:C:/Projekte/Infineon_Dave/eHaJo/FlapFlap/Libraries/XMCLib/inc\xmc_prng.h ****                           ((uint32_t)block_size << (uint32_t)PRNG_CTRL_RDBS_Pos));
 134              	 .loc 2 174 0
 135 005e 9989     	 ldrh r1,[r3,#12]
 136 0060 0620     	 mov r0,#6
 137              	.LVL11:
 138 0062 8143     	 bic r1,r0
 139 0064 5200     	 lsl r2,r2,#1
 140              	.LVL12:
 141 0066 0A43     	 orr r2,r1
 142 0068 9A81     	 strh r2,[r3,#12]
 143              	.LVL13:
 144              	.LBE25:
 145              	.LBE24:
  94:../Libraries/XMCLib/src/xmc_prng.c **** 
  95:../Libraries/XMCLib/src/xmc_prng.c ****   /*
  96:../Libraries/XMCLib/src/xmc_prng.c ****    * Checks for reset value for "random data block size". If reset,
  97:../Libraries/XMCLib/src/xmc_prng.c ****    * PRNG is not initialized
  98:../Libraries/XMCLib/src/xmc_prng.c ****    */
  99:../Libraries/XMCLib/src/xmc_prng.c ****   if ((uint16_t)XMC_PRNG_RDBS_RESET == (PRNG->CTRL & (uint16_t)PRNG_CTRL_RDBS_Msk))
 146              	 .loc 1 99 0
 147 006a 9A89     	 ldrh r2,[r3,#12]
 148 006c 0623     	 mov r3,#6
 149 006e 1A42     	 tst r2,r3
 150 0070 01D0     	 beq .L6
  66:../Libraries/XMCLib/src/xmc_prng.c ****   
 151              	 .loc 1 66 0
 152 0072 0538     	 sub r0,r0,#5
 153 0074 00E0     	 b .L5
 154              	.L6:
 100:../Libraries/XMCLib/src/xmc_prng.c ****   {
 101:../Libraries/XMCLib/src/xmc_prng.c ****     status = XMC_PRNG_NOT_INITIALIZED;
 155              	 .loc 1 101 0
 156 0076 0020     	 mov r0,#0
 157              	.L5:
 158              	.LVL14:
 102:../Libraries/XMCLib/src/xmc_prng.c ****   }
 103:../Libraries/XMCLib/src/xmc_prng.c **** 
 104:../Libraries/XMCLib/src/xmc_prng.c ****   return status;
 105:../Libraries/XMCLib/src/xmc_prng.c **** }
 159              	 .loc 1 105 0
 160 0078 02B0     	 add sp,sp,#8
 161              	 
 162 007a 10BD     	 pop {r4,pc}
 163              	.L8:
 164              	 .align 2
 165              	.L7:
 166 007c 00000248 	 .word 1208090624
 167              	 .cfi_endproc
 168              	.LFE45:
 170              	 .text
 171              	.Letext0:
 172              	 .file 3 "c:\\davev4-64bit\\dave-4.3.2\\eclipse\\arm-gcc-49\\arm-none-eabi\\include\\machine\\_default_types.h"
 173              	 .file 4 "c:\\davev4-64bit\\dave-4.3.2\\eclipse\\arm-gcc-49\\arm-none-eabi\\include\\stdint.h"
 174              	 .file 5 "C:/Projekte/Infineon_Dave/eHaJo/FlapFlap/Libraries/CMSIS/Infineon/XMC1100_series/Include/XMC1100.h"
DEFINED SYMBOLS
                            *ABS*:00000000 xmc_prng.c
    {standard input}:18     .text.XMC_PRNG_Init:00000000 $t
    {standard input}:23     .text.XMC_PRNG_Init:00000000 XMC_PRNG_Init
    {standard input}:166    .text.XMC_PRNG_Init:0000007c $d
                     .debug_frame:00000010 $d

NO UNDEFINED SYMBOLS
