   1              	 .cpu cortex-m0
   2              	 .fpu softvfp
   3              	 .eabi_attribute 20,1
   4              	 .eabi_attribute 21,1
   5              	 .eabi_attribute 23,3
   6              	 .eabi_attribute 24,1
   7              	 .eabi_attribute 25,1
   8              	 .eabi_attribute 26,1
   9              	 .eabi_attribute 30,1
  10              	 .eabi_attribute 34,0
  11              	 .eabi_attribute 18,4
  12              	 .code 16
  13              	 .file "xmc_pau.c"
  14              	 .text
  15              	.Ltext0:
  16              	 .cfi_sections .debug_frame
  17              	 .section .text.XMC_PAU_EnablePeripheralAccess,"ax",%progbits
  18              	 .align 2
  19              	 .global XMC_PAU_EnablePeripheralAccess
  20              	 .code 16
  21              	 .thumb_func
  23              	XMC_PAU_EnablePeripheralAccess:
  24              	.LFB42:
  25              	 .file 1 "../Libraries/XMCLib/src/xmc_pau.c"
   1:../Libraries/XMCLib/src/xmc_pau.c **** /**
   2:../Libraries/XMCLib/src/xmc_pau.c ****  * @file xmc_pau.c
   3:../Libraries/XMCLib/src/xmc_pau.c ****  * @date 2015-06-20
   4:../Libraries/XMCLib/src/xmc_pau.c ****  *
   5:../Libraries/XMCLib/src/xmc_pau.c ****  * @cond
   6:../Libraries/XMCLib/src/xmc_pau.c ****  **************************************************************************************************
   7:../Libraries/XMCLib/src/xmc_pau.c ****  * XMClib v2.1.16 - XMC Peripheral Driver Library 
   8:../Libraries/XMCLib/src/xmc_pau.c ****  *
   9:../Libraries/XMCLib/src/xmc_pau.c ****  * Copyright (c) 2015-2017, Infineon Technologies AG
  10:../Libraries/XMCLib/src/xmc_pau.c ****  * All rights reserved.                        
  11:../Libraries/XMCLib/src/xmc_pau.c ****  *                                             
  12:../Libraries/XMCLib/src/xmc_pau.c ****  * Redistribution and use in source and binary forms, with or without modification,are permitted pr
  13:../Libraries/XMCLib/src/xmc_pau.c ****  * following conditions are met:   
  14:../Libraries/XMCLib/src/xmc_pau.c ****  *                                                                              
  15:../Libraries/XMCLib/src/xmc_pau.c ****  * Redistributions of source code must retain the above copyright notice, this list of conditions a
  16:../Libraries/XMCLib/src/xmc_pau.c ****  * disclaimer.                        
  17:../Libraries/XMCLib/src/xmc_pau.c ****  * 
  18:../Libraries/XMCLib/src/xmc_pau.c ****  * Redistributions in binary form must reproduce the above copyright notice, this list of condition
  19:../Libraries/XMCLib/src/xmc_pau.c ****  * disclaimer in the documentation and/or other materials provided with the distribution.          
  20:../Libraries/XMCLib/src/xmc_pau.c ****  * 
  21:../Libraries/XMCLib/src/xmc_pau.c ****  * Neither the name of the copyright holders nor the names of its contributors may be used to endor
  22:../Libraries/XMCLib/src/xmc_pau.c ****  * products derived from this software without specific prior written permission.                  
  23:../Libraries/XMCLib/src/xmc_pau.c ****  *                                                                              
  24:../Libraries/XMCLib/src/xmc_pau.c ****  * THIS SOFTWARE IS PROVIDED BY THE COPYRIGHT HOLDERS AND CONTRIBUTORS "AS IS" AND ANY EXPRESS OR I
  25:../Libraries/XMCLib/src/xmc_pau.c ****  * INCLUDING, BUT NOT LIMITED TO, THE IMPLIED WARRANTIES OF MERCHANTABILITY AND FITNESS FOR A PARTI
  26:../Libraries/XMCLib/src/xmc_pau.c ****  * DISCLAIMED. IN NO EVENT SHALL THE COPYRIGHT HOLDER OR CONTRIBUTORS BE LIABLE  FOR ANY DIRECT, IN
  27:../Libraries/XMCLib/src/xmc_pau.c ****  * SPECIAL, EXEMPLARY, OR CONSEQUENTIAL DAMAGES (INCLUDING, BUT NOT LIMITED TO, PROCUREMENT OF SUBS
  28:../Libraries/XMCLib/src/xmc_pau.c ****  * SERVICES; LOSS OF USE, DATA, OR PROFITS; OR BUSINESS INTERRUPTION) HOWEVER CAUSED AND ON ANY THE
  29:../Libraries/XMCLib/src/xmc_pau.c ****  * WHETHER IN CONTRACT, STRICT LIABILITY,OR TORT (INCLUDING NEGLIGENCE OR OTHERWISE) ARISING IN ANY
  30:../Libraries/XMCLib/src/xmc_pau.c ****  * OF THIS SOFTWARE, EVEN IF ADVISED OF THE POSSIBILITY OF SUCH DAMAGE.                            
  31:../Libraries/XMCLib/src/xmc_pau.c ****  *                                                                              
  32:../Libraries/XMCLib/src/xmc_pau.c ****  * To improve the quality of the software, users are encouraged to share modifications, enhancement
  33:../Libraries/XMCLib/src/xmc_pau.c ****  * Infineon Technologies AG dave@infineon.com).                                                    
  34:../Libraries/XMCLib/src/xmc_pau.c ****  **************************************************************************************************
  35:../Libraries/XMCLib/src/xmc_pau.c ****  *
  36:../Libraries/XMCLib/src/xmc_pau.c ****  * Change History
  37:../Libraries/XMCLib/src/xmc_pau.c ****  * --------------
  38:../Libraries/XMCLib/src/xmc_pau.c ****  *
  39:../Libraries/XMCLib/src/xmc_pau.c ****  * 2015-02-20:
  40:../Libraries/XMCLib/src/xmc_pau.c ****  *     - Initial <br>
  41:../Libraries/XMCLib/src/xmc_pau.c ****  *      
  42:../Libraries/XMCLib/src/xmc_pau.c ****  * 2015-06-20:
  43:../Libraries/XMCLib/src/xmc_pau.c ****  *     - Removed GetDriverVersion API
  44:../Libraries/XMCLib/src/xmc_pau.c ****  * @endcond 
  45:../Libraries/XMCLib/src/xmc_pau.c ****  *
  46:../Libraries/XMCLib/src/xmc_pau.c ****  */
  47:../Libraries/XMCLib/src/xmc_pau.c **** 
  48:../Libraries/XMCLib/src/xmc_pau.c **** /**
  49:../Libraries/XMCLib/src/xmc_pau.c ****  *
  50:../Libraries/XMCLib/src/xmc_pau.c ****  * @brief PAU driver for XMC1 microcontroller family.
  51:../Libraries/XMCLib/src/xmc_pau.c ****  *
  52:../Libraries/XMCLib/src/xmc_pau.c ****  */
  53:../Libraries/XMCLib/src/xmc_pau.c **** 
  54:../Libraries/XMCLib/src/xmc_pau.c **** /**************************************************************************************************
  55:../Libraries/XMCLib/src/xmc_pau.c ****  * HEADER FILES
  56:../Libraries/XMCLib/src/xmc_pau.c ****  **************************************************************************************************
  57:../Libraries/XMCLib/src/xmc_pau.c **** #include "xmc_pau.h"
  58:../Libraries/XMCLib/src/xmc_pau.c **** 
  59:../Libraries/XMCLib/src/xmc_pau.c **** #if defined(PAU)
  60:../Libraries/XMCLib/src/xmc_pau.c **** 
  61:../Libraries/XMCLib/src/xmc_pau.c **** /**************************************************************************************************
  62:../Libraries/XMCLib/src/xmc_pau.c ****  * API IMPLEMENTATION
  63:../Libraries/XMCLib/src/xmc_pau.c ****  **************************************************************************************************
  64:../Libraries/XMCLib/src/xmc_pau.c **** 
  65:../Libraries/XMCLib/src/xmc_pau.c **** /*
  66:../Libraries/XMCLib/src/xmc_pau.c ****  * Enable peripheral access
  67:../Libraries/XMCLib/src/xmc_pau.c ****  */
  68:../Libraries/XMCLib/src/xmc_pau.c **** void XMC_PAU_EnablePeripheralAccess(XMC_PAU_PERIPHERAL_t peripheral)
  69:../Libraries/XMCLib/src/xmc_pau.c **** {
  26              	 .loc 1 69 0
  27              	 .cfi_startproc
  28              	.LVL0:
  70:../Libraries/XMCLib/src/xmc_pau.c ****   uint32_t reg_num;
  71:../Libraries/XMCLib/src/xmc_pau.c ****   
  72:../Libraries/XMCLib/src/xmc_pau.c ****   reg_num = ((uint32_t)peripheral & 0xf0000000U) >> 28U;
  29              	 .loc 1 72 0
  30 0000 030F     	 lsr r3,r0,#28
  31              	.LVL1:
  73:../Libraries/XMCLib/src/xmc_pau.c ****   XMC_PAU->PRIVDIS[reg_num] &= (uint32_t)~((uint32_t)peripheral & 0x0fffffffUL);
  32              	 .loc 1 73 0
  33 0002 8021     	 mov r1,#128
  34 0004 C905     	 lsl r1,r1,#23
  35 0006 2033     	 add r3,r3,#32
  36              	.LVL2:
  37 0008 9B00     	 lsl r3,r3,#2
  38              	.LVL3:
  39 000a 5A58     	 ldr r2,[r3,r1]
  40 000c 0001     	 lsl r0,r0,#4
  41              	.LVL4:
  42 000e 0009     	 lsr r0,r0,#4
  43 0010 8243     	 bic r2,r0
  44 0012 5A50     	 str r2,[r3,r1]
  74:../Libraries/XMCLib/src/xmc_pau.c **** }
  45              	 .loc 1 74 0
  46              	 
  47 0014 7047     	 bx lr
  48              	 .cfi_endproc
  49              	.LFE42:
  51 0016 C046     	 .section .text.XMC_PAU_DisablePeripheralAccess,"ax",%progbits
  52              	 .align 2
  53              	 .global XMC_PAU_DisablePeripheralAccess
  54              	 .code 16
  55              	 .thumb_func
  57              	XMC_PAU_DisablePeripheralAccess:
  58              	.LFB43:
  75:../Libraries/XMCLib/src/xmc_pau.c **** 
  76:../Libraries/XMCLib/src/xmc_pau.c **** /*
  77:../Libraries/XMCLib/src/xmc_pau.c ****  * Disable peripheral access
  78:../Libraries/XMCLib/src/xmc_pau.c ****  */
  79:../Libraries/XMCLib/src/xmc_pau.c **** void XMC_PAU_DisablePeripheralAccess(XMC_PAU_PERIPHERAL_t peripheral)
  80:../Libraries/XMCLib/src/xmc_pau.c **** {
  59              	 .loc 1 80 0
  60              	 .cfi_startproc
  61              	.LVL5:
  81:../Libraries/XMCLib/src/xmc_pau.c ****   uint32_t reg_num;
  82:../Libraries/XMCLib/src/xmc_pau.c **** 
  83:../Libraries/XMCLib/src/xmc_pau.c ****   reg_num = ((uint32_t)peripheral & 0xf0000000U) >> 28U;
  62              	 .loc 1 83 0
  63 0000 030F     	 lsr r3,r0,#28
  64              	.LVL6:
  84:../Libraries/XMCLib/src/xmc_pau.c ****   XMC_PAU->PRIVDIS[reg_num] |= (uint32_t)((uint32_t)peripheral & 0x0fffffffUL);
  65              	 .loc 1 84 0
  66 0002 8022     	 mov r2,#128
  67 0004 D205     	 lsl r2,r2,#23
  68 0006 2033     	 add r3,r3,#32
  69              	.LVL7:
  70 0008 9B00     	 lsl r3,r3,#2
  71              	.LVL8:
  72 000a 9958     	 ldr r1,[r3,r2]
  73 000c 0001     	 lsl r0,r0,#4
  74              	.LVL9:
  75 000e 0009     	 lsr r0,r0,#4
  76 0010 0843     	 orr r0,r1
  77 0012 9850     	 str r0,[r3,r2]
  85:../Libraries/XMCLib/src/xmc_pau.c **** }
  78              	 .loc 1 85 0
  79              	 
  80 0014 7047     	 bx lr
  81              	 .cfi_endproc
  82              	.LFE43:
  84 0016 C046     	 .section .text.XMC_PAU_IsPeripheralAccessEnabled,"ax",%progbits
  85              	 .align 2
  86              	 .global XMC_PAU_IsPeripheralAccessEnabled
  87              	 .code 16
  88              	 .thumb_func
  90              	XMC_PAU_IsPeripheralAccessEnabled:
  91              	.LFB44:
  86:../Libraries/XMCLib/src/xmc_pau.c **** 
  87:../Libraries/XMCLib/src/xmc_pau.c **** /*
  88:../Libraries/XMCLib/src/xmc_pau.c ****  * Check if peripheral access is enabled 
  89:../Libraries/XMCLib/src/xmc_pau.c ****  */
  90:../Libraries/XMCLib/src/xmc_pau.c **** bool XMC_PAU_IsPeripheralAccessEnabled(XMC_PAU_PERIPHERAL_t peripheral)
  91:../Libraries/XMCLib/src/xmc_pau.c **** {
  92              	 .loc 1 91 0
  93              	 .cfi_startproc
  94              	.LVL10:
  92:../Libraries/XMCLib/src/xmc_pau.c ****   uint32_t reg_num;
  93:../Libraries/XMCLib/src/xmc_pau.c **** 
  94:../Libraries/XMCLib/src/xmc_pau.c ****   reg_num = ((uint32_t)peripheral & 0xf0000000U) >> 28U;
  95              	 .loc 1 94 0
  96 0000 030F     	 lsr r3,r0,#28
  97              	.LVL11:
  95:../Libraries/XMCLib/src/xmc_pau.c ****   return (bool)(XMC_PAU->PRIVDIS[reg_num] & ((uint32_t)peripheral & 0x0fffffffUL));
  98              	 .loc 1 95 0
  99 0002 2033     	 add r3,r3,#32
 100              	.LVL12:
 101 0004 9B00     	 lsl r3,r3,#2
 102              	.LVL13:
 103 0006 8022     	 mov r2,#128
 104 0008 D205     	 lsl r2,r2,#23
 105 000a 9B58     	 ldr r3,[r3,r2]
 106 000c 1840     	 and r0,r3
 107              	.LVL14:
 108 000e 0001     	 lsl r0,r0,#4
 109 0010 431E     	 sub r3,r0,#1
 110 0012 9841     	 sbc r0,r0,r3
 111 0014 C0B2     	 uxtb r0,r0
  96:../Libraries/XMCLib/src/xmc_pau.c **** }
 112              	 .loc 1 96 0
 113              	 
 114 0016 7047     	 bx lr
 115              	 .cfi_endproc
 116              	.LFE44:
 118              	 .section .text.XMC_PAU_IsPeripheralAvailable,"ax",%progbits
 119              	 .align 2
 120              	 .global XMC_PAU_IsPeripheralAvailable
 121              	 .code 16
 122              	 .thumb_func
 124              	XMC_PAU_IsPeripheralAvailable:
 125              	.LFB45:
  97:../Libraries/XMCLib/src/xmc_pau.c **** 
  98:../Libraries/XMCLib/src/xmc_pau.c **** /*
  99:../Libraries/XMCLib/src/xmc_pau.c ****  * Check if peripheral is available
 100:../Libraries/XMCLib/src/xmc_pau.c ****  */
 101:../Libraries/XMCLib/src/xmc_pau.c **** bool XMC_PAU_IsPeripheralAvailable(XMC_PAU_PERIPHERAL_t peripheral)
 102:../Libraries/XMCLib/src/xmc_pau.c **** {
 126              	 .loc 1 102 0
 127              	 .cfi_startproc
 128              	.LVL15:
 103:../Libraries/XMCLib/src/xmc_pau.c ****   uint32_t reg_num;
 104:../Libraries/XMCLib/src/xmc_pau.c **** 
 105:../Libraries/XMCLib/src/xmc_pau.c ****   reg_num = ((uint32_t)peripheral & 0xf0000000U) >> 28U;
 129              	 .loc 1 105 0
 130 0000 030F     	 lsr r3,r0,#28
 131              	.LVL16:
 106:../Libraries/XMCLib/src/xmc_pau.c ****   return (bool)(XMC_PAU->AVAIL[reg_num] & ((uint32_t)peripheral & 0x0fffffffUL));
 132              	 .loc 1 106 0
 133 0002 1033     	 add r3,r3,#16
 134              	.LVL17:
 135 0004 9B00     	 lsl r3,r3,#2
 136              	.LVL18:
 137 0006 8022     	 mov r2,#128
 138 0008 D205     	 lsl r2,r2,#23
 139 000a 9B58     	 ldr r3,[r3,r2]
 140 000c 1840     	 and r0,r3
 141              	.LVL19:
 142 000e 0001     	 lsl r0,r0,#4
 143 0010 431E     	 sub r3,r0,#1
 144 0012 9841     	 sbc r0,r0,r3
 145 0014 C0B2     	 uxtb r0,r0
 107:../Libraries/XMCLib/src/xmc_pau.c **** }
 146              	 .loc 1 107 0
 147              	 
 148 0016 7047     	 bx lr
 149              	 .cfi_endproc
 150              	.LFE45:
 152              	 .text
 153              	.Letext0:
 154              	 .file 2 "c:\\davev4-64bit\\dave-4.3.2\\eclipse\\arm-gcc-49\\arm-none-eabi\\include\\machine\\_default_types.h"
 155              	 .file 3 "c:\\davev4-64bit\\dave-4.3.2\\eclipse\\arm-gcc-49\\arm-none-eabi\\include\\stdint.h"
 156              	 .file 4 "C:/Projekte/Infineon_Dave/eHaJo/FlapFlap/Libraries/XMCLib/inc/xmc_pau.h"
DEFINED SYMBOLS
                            *ABS*:00000000 xmc_pau.c
    {standard input}:18     .text.XMC_PAU_EnablePeripheralAccess:00000000 $t
    {standard input}:23     .text.XMC_PAU_EnablePeripheralAccess:00000000 XMC_PAU_EnablePeripheralAccess
    {standard input}:52     .text.XMC_PAU_DisablePeripheralAccess:00000000 $t
    {standard input}:57     .text.XMC_PAU_DisablePeripheralAccess:00000000 XMC_PAU_DisablePeripheralAccess
    {standard input}:85     .text.XMC_PAU_IsPeripheralAccessEnabled:00000000 $t
    {standard input}:90     .text.XMC_PAU_IsPeripheralAccessEnabled:00000000 XMC_PAU_IsPeripheralAccessEnabled
    {standard input}:119    .text.XMC_PAU_IsPeripheralAvailable:00000000 $t
    {standard input}:124    .text.XMC_PAU_IsPeripheralAvailable:00000000 XMC_PAU_IsPeripheralAvailable
                     .debug_frame:00000010 $d

NO UNDEFINED SYMBOLS
